
          -------------------------------------------------------
          Amber 20 PMEMD                              2020
          -------------------------------------------------------

| PMEMD implementation of SANDER, Release 18

|  Compiled date/time: Tue Mar 22 20:48:59 2022
| Run on 04/15/2022 at 20:56:05

|   Executable path: pmemd.cuda
| Working directory: /home/sxwen/anti_crispr/acrA/spycas9-sgRNA-dsDNA/dynamics
|          Hostname: gpu002

  [-O]verwriting output

File Assignments:
|   MDIN: heat.in                                                               
|  MDOUT: heat.out                                                              
| INPCRD: min3.rst                                                              
|   PARM: 4un3.prmtop                                                           
| RESTRT: heat.rst                                                              
|   REFC: min3.rst                                                              
|  MDVEL: mdvel                                                                 
|   MDEN: mden                                                                  
|  MDCRD: heat.nc                                                               
| MDINFO: mdinfo                                                                
|  MDFRC: mdfrc                                                                 

 
 Here is the input file:
 
Heating: backbone atoms restrained                                             
 &cntrl                                                                        
  imin=0, irest=0, ntx=1,                                                      
  nstlim=25000, dt=0.002,                                                      
  ntwr=0, ntpr=1000, ntwx=1000, ntxo=2, ioutfm=1,                              
  ntc=2, ntf=2,                                                                
  cut=9.0,                                                                     
  ntt=3, gamma_ln=2.0, tempi=0.0, temp0=300.0, ig=-1,                          
  ntb=1, ntp=0,                                                                
  ntr=1, restraint_wt=5.0, restraintmask='@CA,C,O,N',                          
  nmropt=1,                                                                    
 /                                                                             
 &wt                                                                           
  TYPE='TEMP0',                                                                
  istep1=0, istep2=25000,                                                      
  value1=0.1, value2=300.0,                                                    
 /                                                                             
 &wt                                                                           
  TYPE='END',                                                                  
 /                                                                             


Note: ig = -1. Setting random seed to   623695 based on wallclock time in 
      microseconds.
| irandom = 1, using AMBER's internal random number generator (default).
 
|--------------------- INFORMATION ----------------------
| GPU (CUDA) Version of PMEMD in use: NVIDIA GPU IN USE.
|                    Version 18.0.0
| 
|                      03/25/2018
| 
| Implementation by:
|                    Ross C. Walker     (SDSC)
|                    Scott Le Grand     (nVIDIA)
| 
| Version 18 performance extensions by:
|                    David Cerutti     (Rutgers)
| 
| Precision model in use:
|      [SPFP] - Single Precision Forces, 64-bit Fixed Point
|               Accumulation. (Default)
| 
|--------------------------------------------------------
 
|----------------- CITATION INFORMATION -----------------
|
|    When publishing work that utilized the CUDA version
|    of AMBER, please cite the following in addition to
|    the regular AMBER citations:
|
|  - Romelia Salomon-Ferrer; Andreas W. Goetz; Duncan
|    Poole; Scott Le Grand; Ross C. Walker "Routine
|    microsecond molecular dynamics simulations with
|    AMBER - Part II: Particle Mesh Ewald", J. Chem.
|    Theory Comput., 2013, 9 (9), pp3878-3888,
|    DOI: 10.1021/ct400314y.
|
|  - Andreas W. Goetz; Mark J. Williamson; Dong Xu;
|    Duncan Poole; Scott Le Grand; Ross C. Walker
|    "Routine microsecond molecular dynamics simulations
|    with AMBER - Part I: Generalized Born", J. Chem.
|    Theory Comput., 2012, 8 (5), pp1542-1555.
|
|  - Scott Le Grand; Andreas W. Goetz; Ross C. Walker
|    "SPFP: Speed without compromise - a mixed precision
|    model for GPU accelerated molecular dynamics
|    simulations.", Comp. Phys. Comm., 2013, 184
|    pp374-380, DOI: 10.1016/j.cpc.2012.09.022
|
|--------------------------------------------------------
 
|------------------- GPU DEVICE INFO --------------------
|
|            CUDA_VISIBLE_DEVICES: 0
|   CUDA Capable Devices Detected:      1
|           CUDA Device ID in use:      0
|                CUDA Device Name: GeForce RTX 2080
|     CUDA Device Global Mem Size:   7982 MB
| CUDA Device Num Multiprocessors:     46
|           CUDA Device Core Freq:   1.80 GHz
|
|--------------------------------------------------------
 
 
| Conditional Compilation Defines Used:
| FFTW_FFT
| BINTRAJ
| MKL
| CUDA
| EMIL
 
| Largest sphere to fit in unit cell has radius =    53.165

| New format PARM file being parsed.
| Version =    1.000 Date = 04/15/22 Time = 19:47:23

| Note: 1-4 EEL scale factors are being read from the topology file.

| Note: 1-4 VDW scale factors are being read from the topology file.
| Duplicated    0 dihedrals

| Duplicated    0 dihedrals

--------------------------------------------------------------------------------
   1.  RESOURCE   USE: 
--------------------------------------------------------------------------------

 getting box info from netcdf restart file
 NATOM  =  150722 NTYPES =      20 NBONH =  136978 MBONA  =   14158
 NTHETH =   28871 MTHETA =   19614 NPHIH =   58380 MPHIA  =   56910
 NHPARM =       0 NPARM  =       0 NNB   =  311537 NRES   =   43023
 NBONA  =   14158 NTHETA =   19614 NPHIA =   56910 NUMBND =     129
 NUMANG =     298 NPTRA  =     261 NATYP =      54 NPHB   =       0
 IFBOX  =       2 NMXRS  =      35 IFCAP =       0 NEXTRA =       0
 NCOPY  =       0

| Coordinate Index Table dimensions:    23   23   23
| Direct force subcell size =     5.6621    5.6621    5.6621

     BOX TYPE: TRUNCATED OCTAHEDRON

--------------------------------------------------------------------------------
   2.  CONTROL  DATA  FOR  THE  RUN
--------------------------------------------------------------------------------

default_name                                                                    

General flags:
     imin    =       0, nmropt  =       1

Nature and format of input:
     ntx     =       1, irest   =       0, ntrx    =       1

Nature and format of output:
     ntxo    =       2, ntpr    =    1000, ntrx    =       1, ntwr    =   25000
     iwrap   =       0, ntwx    =    1000, ntwv    =       0, ntwe    =       0
     ioutfm  =       1, ntwprt  =       0, idecomp =       0, rbornstat=      0

Potential function:
     ntf     =       2, ntb     =       1, igb     =       0, nsnb    =      25
     ipol    =       0, gbsa    =       0, iesp    =       0
     dielc   =   1.00000, cut     =   9.00000, intdiel =   1.00000

Frozen or restrained atoms:
     ibelly  =       0, ntr     =       1
     restraint_wt =   5.00000

Molecular dynamics:
     nstlim  =     25000, nscm    =         0, nrespa  =         1
     t       =   0.00000, dt      =   0.00200, vlimit  =  -1.00000

Langevin dynamics temperature regulation:
     ig      =  623695
     temp0   = 300.00000, tempi   =   0.00000, gamma_ln=   2.00000

SHAKE:
     ntc     =       2, jfastw  =       0
     tol     =   0.00001

NMR refinement options:
     iscale  =       0, noeskp  =       1, ipnlty  =       1, mxsub   =       1
     scalm   = 100.00000, pencut  =   0.10000, tausw   =   0.10000

| Intermolecular bonds treatment:
|     no_intermolecular_bonds =       1

| Energy averages sample interval:
|     ene_avg_sampling =    1000

Ewald parameters:
     verbose =       0, ew_type =       0, nbflag  =       1, use_pme =       1
     vdwmeth =       1, eedmeth =       1, netfrc  =       1
     Box X =  130.228   Box Y =  130.228   Box Z =  130.228
     Alpha =  109.471   Beta  =  109.471   Gamma =  109.471
     NFFT1 =  128       NFFT2 =  128       NFFT3 =  128
     Cutoff=    9.000   Tol   =0.100E-04
     Ewald Coefficient =  0.30768
     Interpolation order =    4

    LOADING THE CONSTRAINED ATOMS AS GROUPS


   5.  REFERENCE ATOM COORDINATES

  default_name                                                                    
     Mask @CA,C,O,N; matches 46897 atoms

--------------------------------------------------------------------------------
   3.  ATOMIC COORDINATES AND VELOCITIES
--------------------------------------------------------------------------------

default_name                                                                    
 begin time read from input coords =     0.000 ps



           Begin reading energy term weight changes/NMR restraints
 WEIGHT CHANGES:
 TEMP0         0  25000    0.100000  300.000000      0      0

 RESTRAINTS:
                          ** No restraint defined **

                  Done reading weight changes/NMR restraints


 
 Number of triangulated 3-point waters found:    41453

     Sum of charges from parm topology file =  -0.00000039
     Forcing neutrality...

| Dynamic Memory, Types Used:
| Reals             4520451
| Integers          6671037

| Nonbonded Pairs Initial Allocation:    34364616

| GPU memory information (estimate):
| KB of GPU memory in use:   1029257
| KB of CPU memory in use:    288629

--------------------------------------------------------------------------------
   4.  RESULTS
--------------------------------------------------------------------------------


 NSTEP =        0   TIME(PS) =       0.000  TEMP(K) =     0.00  PRESS =     0.0
 Etot   =   -655150.4440  EKtot   =         0.0000  EPtot      =   -655150.4440
 BOND   =       993.5421  ANGLE   =      3822.9380  DIHED      =     18892.5937
 1-4 NB =      5466.0968  1-4 EEL =     48202.5209  VDWAALS    =     94892.5200
 EELEC  =   -827420.6555  EHBOND  =         0.0000  RESTRAINT  =         0.0000
 ------------------------------------------------------------------------------

 NMR restraints: Bond =    0.000   Angle =     0.000   Torsion =     0.000
===============================================================================

 NSTEP =     1000   TIME(PS) =       2.000  TEMP(K) =     9.23  PRESS =     0.0
 Etot   =   -566186.6799  EKtot   =      2889.4534  EPtot      =   -569076.1332
 BOND   =      1103.3046  ANGLE   =      4104.6696  DIHED      =     18972.4351
 1-4 NB =      5515.5604  1-4 EEL =     48217.5293  VDWAALS    =     85581.7525
 EELEC  =   -733607.5765  EHBOND  =         0.0000  RESTRAINT  =      1036.1917
 EAMBER (non-restraint)  =   -570112.3249
 ------------------------------------------------------------------------------

 NMR restraints: Bond =    0.000   Angle =     0.000   Torsion =     0.000
===============================================================================

 NSTEP =     2000   TIME(PS) =       4.000  TEMP(K) =    21.12  PRESS =     0.0
 Etot   =   -558641.2266  EKtot   =      6613.1152  EPtot      =   -565254.3418
 BOND   =      1292.8532  ANGLE   =      4510.9226  DIHED      =     19044.1063
 1-4 NB =      5537.1683  1-4 EEL =     48240.7618  VDWAALS    =     85696.1597
 EELEC  =   -731228.1216  EHBOND  =         0.0000  RESTRAINT  =      1651.8078
 EAMBER (non-restraint)  =   -566906.1496
 ------------------------------------------------------------------------------

 NMR restraints: Bond =    0.000   Angle =     0.000   Torsion =     0.000
===============================================================================

 NSTEP =     3000   TIME(PS) =       6.000  TEMP(K) =    33.10  PRESS =     0.0
 Etot   =   -551058.8225  EKtot   =     10364.4551  EPtot      =   -561423.2776
 BOND   =      1473.2405  ANGLE   =      4909.2031  DIHED      =     19157.4208
 1-4 NB =      5575.0088  1-4 EEL =     48184.9335  VDWAALS    =     85843.8958
 EELEC  =   -728839.2471  EHBOND  =         0.0000  RESTRAINT  =      2272.2671
 EAMBER (non-restraint)  =   -563695.5447
 ------------------------------------------------------------------------------

 NMR restraints: Bond =    0.000   Angle =     0.000   Torsion =     0.000
===============================================================================

 NSTEP =     4000   TIME(PS) =       8.000  TEMP(K) =    45.06  PRESS =     0.0
 Etot   =   -543383.9576  EKtot   =     14110.5244  EPtot      =   -557494.4820
 BOND   =      1640.4638  ANGLE   =      5269.9851  DIHED      =     19279.9902
 1-4 NB =      5608.4364  1-4 EEL =     48205.0991  VDWAALS    =     86198.4647
 EELEC  =   -726613.5511  EHBOND  =         0.0000  RESTRAINT  =      2916.6298
 EAMBER (non-restraint)  =   -560411.1118
 ------------------------------------------------------------------------------

 NMR restraints: Bond =    0.000   Angle =     0.000   Torsion =     0.000
===============================================================================

 NSTEP =     5000   TIME(PS) =      10.000  TEMP(K) =    57.15  PRESS =     0.0
 Etot   =   -535640.9526  EKtot   =     17898.1309  EPtot      =   -553539.0834
 BOND   =      1795.3423  ANGLE   =      5723.9884  DIHED      =     19357.8981
 1-4 NB =      5641.7442  1-4 EEL =     48187.7191  VDWAALS    =     86397.2828
 EELEC  =   -724205.1519  EHBOND  =         0.0000  RESTRAINT  =      3562.0935
 EAMBER (non-restraint)  =   -557101.1770
 ------------------------------------------------------------------------------

 NMR restraints: Bond =    0.000   Angle =     0.000   Torsion =     0.000
===============================================================================

 NSTEP =     6000   TIME(PS) =      12.000  TEMP(K) =    68.98  PRESS =     0.0
 Etot   =   -528145.9315  EKtot   =     21602.9395  EPtot      =   -549748.8709
 BOND   =      1964.8745  ANGLE   =      6114.0463  DIHED      =     19444.3453
 1-4 NB =      5643.5367  1-4 EEL =     48215.4529  VDWAALS    =     86548.4550
 EELEC  =   -721888.4827  EHBOND  =         0.0000  RESTRAINT  =      4208.9011
 EAMBER (non-restraint)  =   -553957.7720
 ------------------------------------------------------------------------------

 NMR restraints: Bond =    0.000   Angle =     0.000   Torsion =     0.000
===============================================================================

 NSTEP =     7000   TIME(PS) =      14.000  TEMP(K) =    81.07  PRESS =     0.0
 Etot   =   -520235.8463  EKtot   =     25390.0977  EPtot      =   -545625.9440
 BOND   =      2186.4663  ANGLE   =      6557.9197  DIHED      =     19562.2876
 1-4 NB =      5687.9227  1-4 EEL =     48159.6478  VDWAALS    =     86599.1826
 EELEC  =   -719377.5441  EHBOND  =         0.0000  RESTRAINT  =      4998.1734
 EAMBER (non-restraint)  =   -550624.1174
 ------------------------------------------------------------------------------

 NMR restraints: Bond =    0.000   Angle =     0.000   Torsion =     0.000
===============================================================================

 NSTEP =     8000   TIME(PS) =      16.000  TEMP(K) =    93.25  PRESS =     0.0
 Etot   =   -512697.9184  EKtot   =     29204.2109  EPtot      =   -541902.1293
 BOND   =      2344.1593  ANGLE   =      6847.7150  DIHED      =     19656.7586
 1-4 NB =      5716.3333  1-4 EEL =     48244.3267  VDWAALS    =     86906.2286
 EELEC  =   -717116.5970  EHBOND  =         0.0000  RESTRAINT  =      5498.9463
 EAMBER (non-restraint)  =   -547401.0756
 ------------------------------------------------------------------------------

 NMR restraints: Bond =    0.000   Angle =     0.000   Torsion =     0.000
===============================================================================

 NSTEP =     9000   TIME(PS) =      18.000  TEMP(K) =   105.74  PRESS =     0.0
 Etot   =   -504839.8023  EKtot   =     33116.0000  EPtot      =   -537955.8023
 BOND   =      2536.4100  ANGLE   =      7256.6088  DIHED      =     19755.0699
 1-4 NB =      5753.1647  1-4 EEL =     48149.2165  VDWAALS    =     86588.8427
 EELEC  =   -714191.2397  EHBOND  =         0.0000  RESTRAINT  =      6196.1248
 EAMBER (non-restraint)  =   -544151.9270
 ------------------------------------------------------------------------------

 NMR restraints: Bond =    0.000   Angle =     0.000   Torsion =     0.000
===============================================================================

 NSTEP =    10000   TIME(PS) =      20.000  TEMP(K) =   117.23  PRESS =     0.0
 Etot   =   -497149.7148  EKtot   =     36714.0859  EPtot      =   -533863.8007
 BOND   =      2724.2804  ANGLE   =      7671.9045  DIHED      =     19878.5345
 1-4 NB =      5770.1513  1-4 EEL =     48068.6500  VDWAALS    =     86997.2001
 EELEC  =   -711826.8043  EHBOND  =         0.0000  RESTRAINT  =      6852.2829
 EAMBER (non-restraint)  =   -540716.0836
 ------------------------------------------------------------------------------

 NMR restraints: Bond =    0.000   Angle =     0.000   Torsion =     0.000
===============================================================================

 NSTEP =    11000   TIME(PS) =      22.000  TEMP(K) =   128.83  PRESS =     0.0
 Etot   =   -489463.8952  EKtot   =     40344.0742  EPtot      =   -529807.9695
 BOND   =      2880.2717  ANGLE   =      8029.4964  DIHED      =     19979.8099
 1-4 NB =      5833.6750  1-4 EEL =     48138.6542  VDWAALS    =     86963.0176
 EELEC  =   -709417.4272  EHBOND  =         0.0000  RESTRAINT  =      7784.5328
 EAMBER (non-restraint)  =   -537592.5023
 ------------------------------------------------------------------------------

 NMR restraints: Bond =    0.000   Angle =     0.000   Torsion =     0.000
===============================================================================

 NSTEP =    12000   TIME(PS) =      24.000  TEMP(K) =   140.89  PRESS =     0.0
 Etot   =   -481267.5341  EKtot   =     44122.6680  EPtot      =   -525390.2021
 BOND   =      3020.7904  ANGLE   =      8475.6399  DIHED      =     20135.6256
 1-4 NB =      5822.0929  1-4 EEL =     48133.8150  VDWAALS    =     87215.2294
 EELEC  =   -706885.2716  EHBOND  =         0.0000  RESTRAINT  =      8691.8763
 EAMBER (non-restraint)  =   -534082.0784
 ------------------------------------------------------------------------------

 NMR restraints: Bond =    0.000   Angle =     0.000   Torsion =     0.000
===============================================================================

 NSTEP =    13000   TIME(PS) =      26.000  TEMP(K) =   153.13  PRESS =     0.0
 Etot   =   -473055.1582  EKtot   =     47954.4453  EPtot      =   -521009.6036
 BOND   =      3241.6920  ANGLE   =      8928.9935  DIHED      =     20243.8347
 1-4 NB =      5879.2749  1-4 EEL =     48159.7126  VDWAALS    =     87215.8067
 EELEC  =   -704122.8296  EHBOND  =         0.0000  RESTRAINT  =      9443.9118
 EAMBER (non-restraint)  =   -530453.5153
 ------------------------------------------------------------------------------

 NMR restraints: Bond =    0.000   Angle =     0.000   Torsion =     0.000
===============================================================================

 NSTEP =    14000   TIME(PS) =      28.000  TEMP(K) =   165.32  PRESS =     0.0
 Etot   =   -465153.6057  EKtot   =     51772.6055  EPtot      =   -516926.2111
 BOND   =      3426.6351  ANGLE   =      9305.0970  DIHED      =     20267.4756
 1-4 NB =      5914.3553  1-4 EEL =     48124.9593  VDWAALS    =     87011.8904
 EELEC  =   -701229.2615  EHBOND  =         0.0000  RESTRAINT  =     10252.6376
 EAMBER (non-restraint)  =   -527178.8488
 ------------------------------------------------------------------------------

 NMR restraints: Bond =    0.000   Angle =     0.000   Torsion =     0.000
===============================================================================

 NSTEP =    15000   TIME(PS) =      30.000  TEMP(K) =   176.86  PRESS =     0.0
 Etot   =   -457709.5631  EKtot   =     55388.5703  EPtot      =   -513098.1334
 BOND   =      3532.0134  ANGLE   =      9645.3685  DIHED      =     20382.1660
 1-4 NB =      5959.6543  1-4 EEL =     48205.8291  VDWAALS    =     87592.9963
 EELEC  =   -699419.9101  EHBOND  =         0.0000  RESTRAINT  =     11003.7491
 EAMBER (non-restraint)  =   -524101.8824
 ------------------------------------------------------------------------------

 NMR restraints: Bond =    0.000   Angle =     0.000   Torsion =     0.000
===============================================================================

 NSTEP =    16000   TIME(PS) =      32.000  TEMP(K) =   188.63  PRESS =     0.0
 Etot   =   -449336.1928  EKtot   =     59071.7383  EPtot      =   -508407.9311
 BOND   =      3746.3614  ANGLE   =     10067.8232  DIHED      =     20515.8216
 1-4 NB =      5966.3139  1-4 EEL =     48080.8988  VDWAALS    =     87172.2843
 EELEC  =   -695927.4552  EHBOND  =         0.0000  RESTRAINT  =     11970.0209
 EAMBER (non-restraint)  =   -520377.9520
 ------------------------------------------------------------------------------

 NMR restraints: Bond =    0.000   Angle =     0.000   Torsion =     0.000
===============================================================================

 NSTEP =    17000   TIME(PS) =      34.000  TEMP(K) =   201.38  PRESS =     0.0
 Etot   =   -440947.8888  EKtot   =     63067.5391  EPtot      =   -504015.4279
 BOND   =      3933.6177  ANGLE   =     10641.9386  DIHED      =     20588.7256
 1-4 NB =      5968.9733  1-4 EEL =     48062.2126  VDWAALS    =     87470.8422
 EELEC  =   -693627.5496  EHBOND  =         0.0000  RESTRAINT  =     12945.8118
 EAMBER (non-restraint)  =   -516961.2396
 ------------------------------------------------------------------------------

 NMR restraints: Bond =    0.000   Angle =     0.000   Torsion =     0.000
===============================================================================

 NSTEP =    18000   TIME(PS) =      36.000  TEMP(K) =   212.78  PRESS =     0.0
 Etot   =   -433082.2991  EKtot   =     66636.8516  EPtot      =   -499719.1507
 BOND   =      4153.5513  ANGLE   =     11024.5349  DIHED      =     20732.8773
 1-4 NB =      5996.0928  1-4 EEL =     48157.4534  VDWAALS    =     87471.2074
 EELEC  =   -691030.9185  EHBOND  =         0.0000  RESTRAINT  =     13776.0508
 EAMBER (non-restraint)  =   -513495.2014
 ------------------------------------------------------------------------------

 NMR restraints: Bond =    0.000   Angle =     0.000   Torsion =     0.000
===============================================================================

 NSTEP =    19000   TIME(PS) =      38.000  TEMP(K) =   225.74  PRESS =     0.0
 Etot   =   -423461.7170  EKtot   =     70693.5312  EPtot      =   -494155.2483
 BOND   =      4275.3909  ANGLE   =     11327.8221  DIHED      =     20851.4003
 1-4 NB =      6065.4748  1-4 EEL =     48012.2232  VDWAALS    =     87191.2754
 EELEC  =   -687253.8970  EHBOND  =         0.0000  RESTRAINT  =     15375.0619
 EAMBER (non-restraint)  =   -509530.3102
 ------------------------------------------------------------------------------

 NMR restraints: Bond =    0.000   Angle =     0.000   Torsion =     0.000
===============================================================================

 NSTEP =    20000   TIME(PS) =      40.000  TEMP(K) =   236.59  PRESS =     0.0
 Etot   =   -416764.7957  EKtot   =     74091.3438  EPtot      =   -490856.1395
 BOND   =      4473.1972  ANGLE   =     11682.2347  DIHED      =     20960.2680
 1-4 NB =      6078.9603  1-4 EEL =     48093.2618  VDWAALS    =     87763.1139
 EELEC  =   -685305.8310  EHBOND  =         0.0000  RESTRAINT  =     15398.6555
 EAMBER (non-restraint)  =   -506254.7950
 ------------------------------------------------------------------------------

 NMR restraints: Bond =    0.000   Angle =     0.000   Torsion =     0.000
===============================================================================

 NSTEP =    21000   TIME(PS) =      42.000  TEMP(K) =   247.87  PRESS =     0.0
 Etot   =   -409155.6101  EKtot   =     77624.9844  EPtot      =   -486780.5945
 BOND   =      4627.9918  ANGLE   =     12096.7342  DIHED      =     20951.9655
 1-4 NB =      6082.3517  1-4 EEL =     48026.7698  VDWAALS    =     87467.5364
 EELEC  =   -682245.6107  EHBOND  =         0.0000  RESTRAINT  =     16211.6669
 EAMBER (non-restraint)  =   -502992.2614
 ------------------------------------------------------------------------------

 NMR restraints: Bond =    0.000   Angle =     0.000   Torsion =     0.000
===============================================================================

 NSTEP =    22000   TIME(PS) =      44.000  TEMP(K) =   260.62  PRESS =     0.0
 Etot   =   -400263.3473  EKtot   =     81617.6016  EPtot      =   -481880.9489
 BOND   =      4806.0318  ANGLE   =     12600.2477  DIHED      =     21046.3967
 1-4 NB =      6094.8894  1-4 EEL =     47910.5718  VDWAALS    =     87533.0383
 EELEC  =   -678950.1161  EHBOND  =         0.0000  RESTRAINT  =     17077.9915
 EAMBER (non-restraint)  =   -498958.9403
 ------------------------------------------------------------------------------

 NMR restraints: Bond =    0.000   Angle =     0.000   Torsion =     0.000
===============================================================================

 NSTEP =    23000   TIME(PS) =      46.000  TEMP(K) =   273.81  PRESS =     0.0
 Etot   =   -391238.4807  EKtot   =     85747.4531  EPtot      =   -476985.9339
 BOND   =      4895.9067  ANGLE   =     12931.8856  DIHED      =     21169.7097
 1-4 NB =      6180.2235  1-4 EEL =     48074.7874  VDWAALS    =     87150.7814
 EELEC  =   -675689.8387  EHBOND  =         0.0000  RESTRAINT  =     18300.6107
 EAMBER (non-restraint)  =   -495286.5446
 ------------------------------------------------------------------------------

 NMR restraints: Bond =    0.000   Angle =     0.000   Torsion =     0.000
===============================================================================

 NSTEP =    24000   TIME(PS) =      48.000  TEMP(K) =   284.78  PRESS =     0.0
 Etot   =   -383948.1681  EKtot   =     89185.5547  EPtot      =   -473133.7228
 BOND   =      5147.2474  ANGLE   =     13367.9620  DIHED      =     21251.4123
 1-4 NB =      6155.0824  1-4 EEL =     47995.5644  VDWAALS    =     87624.6500
 EELEC  =   -673470.6484  EHBOND  =         0.0000  RESTRAINT  =     18795.0070
 EAMBER (non-restraint)  =   -491928.7298
 ------------------------------------------------------------------------------

 NMR restraints: Bond =    0.000   Angle =     0.000   Torsion =     0.000
===============================================================================

 NSTEP =    25000   TIME(PS) =      50.000  TEMP(K) =   297.84  PRESS =     0.0
 Etot   =   -374903.2238  EKtot   =     93274.5469  EPtot      =   -468177.7706
 BOND   =      5333.0665  ANGLE   =     13842.5280  DIHED      =     21342.6805
 1-4 NB =      6230.3976  1-4 EEL =     47986.9333  VDWAALS    =     87322.9918
 EELEC  =   -670112.7134  EHBOND  =         0.0000  RESTRAINT  =     19876.3450
 EAMBER (non-restraint)  =   -488054.1156
 ------------------------------------------------------------------------------

 NMR restraints: Bond =    0.000   Angle =     0.000   Torsion =     0.000
===============================================================================

      A V E R A G E S   O V E R      25 S T E P S


 NSTEP =    25000   TIME(PS) =      50.000  TEMP(K) =   153.08  PRESS =     0.0
 Etot   =   -472309.2933  EKtot   =     47939.8608  EPtot      =   -520249.1541
 BOND   =      3222.2064  ANGLE   =      8917.4108  DIHED      =     20181.1606
 1-4 NB =      5867.0736  1-4 EEL =     48121.4793  VDWAALS    =     86940.9650
 EELEC  =   -703343.3438  EHBOND  =         0.0000  RESTRAINT  =      9843.8939
 EAMBER (non-restraint)  =   -530093.0480
 ------------------------------------------------------------------------------

 NMR restraints: Bond =    0.000   Angle =     0.000   Torsion =     0.000
===============================================================================

      R M S  F L U C T U A T I O N S


 NSTEP =    25000   TIME(PS) =      50.000  TEMP(K) =    86.49  PRESS =     0.0
 Etot   =     57431.4406  EKtot   =     27087.1623  EPtot      =     30350.0414
 BOND   =      1265.1849  ANGLE   =      2911.1749  DIHED      =       729.7548
 1-4 NB =       210.6196  1-4 EEL =        86.1653  VDWAALS    =       602.2410
 EELEC  =     19033.9092  EHBOND  =         0.0000  RESTRAINT  =      5759.4971
 EAMBER (non-restraint)  =     24590.5443
 ------------------------------------------------------------------------------


 NMR restraints on final step:

--------------------------------------------------------------------------------
   5.  TIMINGS
--------------------------------------------------------------------------------

|  NonSetup CPU Time in Major Routines:
|
|     Routine           Sec        %
|     ------------------------------
|     Nonbond           4.18    6.87
|     Bond              0.00    0.00
|     Angle             0.00    0.00
|     Dihedral          0.00    0.00
|     Shake             0.15    0.24
|     RunMD            56.30   92.66
|     Other             0.14    0.22
|     ------------------------------
|     Total            60.76

|  PME Nonbond Pairlist CPU Time:
|
|     Routine              Sec        %
|     ---------------------------------
|     Set Up Cit           0.00    0.00
|     Build List           0.00    0.00
|     ---------------------------------
|     Total                0.00    0.00

|  PME Direct Force CPU Time:
|
|     Routine              Sec        %
|     ---------------------------------
|     NonBonded Calc       0.00    0.00
|     Exclude Masked       0.00    0.00
|     Other                0.08    0.14
|     ---------------------------------
|     Total                0.08    0.14

|  PME Reciprocal Force CPU Time:
|
|     Routine              Sec        %
|     ---------------------------------
|     1D bspline           0.00    0.00
|     Grid Charges         0.00    0.00
|     Scalar Sum           0.00    0.00
|     Gradient Sum         0.00    0.00
|     FFT                  0.00    0.00
|     ---------------------------------
|     Total                0.00    0.00

|  Final Performance Info:
|     -----------------------------------------------------
|     Average timings for last       1 steps:
|     Elapsed(s) =       0.00 Per Step(ms) =       0.33
|         ns/day =     523.90   seconds/ns =     164.92
|
|     Average timings for all steps:
|     Elapsed(s) =      60.74 Per Step(ms) =       2.43
|         ns/day =      71.13   seconds/ns =    1214.75
|     -----------------------------------------------------

|  Setup CPU time:            2.83 seconds
|  NonSetup CPU time:        60.76 seconds
|  Total CPU time:           63.59 seconds     0.02 hours

|  Setup wall time:           4    seconds
|  NonSetup wall time:       60    seconds
|  Total wall time:          64    seconds     0.02 hours
