
          -------------------------------------------------------
          Amber 20 PMEMD                              2020
          -------------------------------------------------------

| PMEMD implementation of SANDER, Release 18

|  Compiled date/time: Tue Mar 22 20:53:12 2022
| Run on 04/15/2022 at 20:39:20

|   Executable path: pmemd.MPI
| Working directory: /home/sxwen/anti_crispr/acrA/spycas9-sgRNA-dsDNA/dynamics
|          Hostname: gpu002

  [-O]verwriting output

File Assignments:
|   MDIN: min2.in                                                               
|  MDOUT: min2.out                                                              
| INPCRD: min1.rst                                                              
|   PARM: 4un3.prmtop                                                           
| RESTRT: min2.rst                                                              
|   REFC: min1.rst                                                              
|  MDVEL: mdvel                                                                 
|   MDEN: mden                                                                  
|  MDCRD: mdcrd                                                                 
| MDINFO: mdinfo                                                                
|LOGFILE: logfile                                                               
|  MDFRC: mdfrc                                                                 

 
 Here is the input file:
 
Minimization Step 2: backbone atoms restrained                                 
 &cntrl                                                                        
  imin=1, maxcyc=2500, ncyc=1000,                                              
  ntwr=0, ntpr=100, ntxo=2, ioutfm=1,                                          
  ntc=1, ntf=1,                                                                
  cut=9.0,                                                                     
  ntb=1,                                                                       
  ntr=1, restraint_wt=10.0, restraintmask='@CA,C,O,N',                         
 /                                                                             


Note: ig = -1. Setting random seed to    69193 based on wallclock time in
      microseconds and disabling the synchronization of random numbers 
      between tasks to improve performance.
| irandom = 1, using AMBER's internal random number generator (default).
 
 
| Conditional Compilation Defines Used:
| MPI
| FFTW_FFT
| BINTRAJ
| MKL
| EMIL
 
| Largest sphere to fit in unit cell has radius =    53.165

| New format PARM file being parsed.
| Version =    1.000 Date = 04/15/22 Time = 19:47:23

| Note: 1-4 EEL scale factors are being read from the topology file.

| Note: 1-4 VDW scale factors are being read from the topology file.
| Duplicated    0 dihedrals

| Duplicated    0 dihedrals

--------------------------------------------------------------------------------
   1.  RESOURCE   USE: 
--------------------------------------------------------------------------------

 getting box info from netcdf restart file
 NATOM  =  150722 NTYPES =      20 NBONH =  136978 MBONA  =   14158
 NTHETH =   28871 MTHETA =   19614 NPHIH =   58380 MPHIA  =   56910
 NHPARM =       0 NPARM  =       0 NNB   =  311537 NRES   =   43023
 NBONA  =   14158 NTHETA =   19614 NPHIA =   56910 NUMBND =     129
 NUMANG =     298 NPTRA  =     261 NATYP =      54 NPHB   =       0
 IFBOX  =       2 NMXRS  =      35 IFCAP =       0 NEXTRA =       0
 NCOPY  =       0

| Coordinate Index Table dimensions:    21   21   21
| Direct force subcell size =     6.2013    6.2013    6.2013

     BOX TYPE: TRUNCATED OCTAHEDRON

--------------------------------------------------------------------------------
   2.  CONTROL  DATA  FOR  THE  RUN
--------------------------------------------------------------------------------

default_name                                                                    

General flags:
     imin    =       1, nmropt  =       0

Nature and format of input:
     ntx     =       1, irest   =       0, ntrx    =       1

Nature and format of output:
     ntxo    =       2, ntpr    =     100, ntrx    =       1, ntwr    =       1
     iwrap   =       0, ntwx    =       0, ntwv    =       0, ntwe    =       0
     ioutfm  =       1, ntwprt  =       0, idecomp =       0, rbornstat=      0

Potential function:
     ntf     =       1, ntb     =       1, igb     =       0, nsnb    =      25
     ipol    =       0, gbsa    =       0, iesp    =       0
     dielc   =   1.00000, cut     =   9.00000, intdiel =   1.00000

Frozen or restrained atoms:
     ibelly  =       0, ntr     =       1
     restraint_wt =  10.00000

Energy minimization:
     maxcyc  =    2500, ncyc    =    1000, ntmin   =       1
     dx0     =   0.01000, drms    =   0.00010

| Intermolecular bonds treatment:
|     no_intermolecular_bonds =       1

| Energy averages sample interval:
|     ene_avg_sampling =       1

Ewald parameters:
     verbose =       0, ew_type =       0, nbflag  =       1, use_pme =       1
     vdwmeth =       1, eedmeth =       1, netfrc  =       0
     Box X =  130.228   Box Y =  130.228   Box Z =  130.228
     Alpha =  109.471   Beta  =  109.471   Gamma =  109.471
     NFFT1 =  144       NFFT2 =  135       NFFT3 =  135
     Cutoff=    9.000   Tol   =0.100E-04
     Ewald Coefficient =  0.30768
     Interpolation order =    4

| PMEMD ewald parallel performance parameters:
|     block_fft =    0
|     fft_blk_y_divisor =    2
|     excl_recip =    0
|     excl_master =    0
|     atm_redist_freq =  320

    LOADING THE CONSTRAINED ATOMS AS GROUPS


   5.  REFERENCE ATOM COORDINATES

  default_name                                                                    
     Mask @CA,C,O,N; matches 46897 atoms

--------------------------------------------------------------------------------
   3.  ATOMIC COORDINATES AND VELOCITIES
--------------------------------------------------------------------------------

default_name                                                                    
 begin time read from input coords =     0.000 ps

 
 Number of triangulated 3-point waters found:    41453

     Sum of charges from parm topology file =  -0.00000039
     Forcing neutrality...

| Dynamic Memory, Types Used:
| Reals             5864354
| Integers          7274743

| Nonbonded Pairs Initial Allocation:     5698704

| Running AMBER/MPI version on    8 MPI task

 
--------------------------------------------------------------------------------
   4.  RESULTS
--------------------------------------------------------------------------------

 ---------------------------------------------------
 APPROXIMATING switch and d/dx switch using CUBIC SPLINE INTERPOLATION
 using   5000.0 points per unit in tabled values
 TESTING RELATIVE ERROR over r ranging from 0.0 to cutoff
| CHECK switch(x): max rel err =   0.3316E-14   at   2.351880
| CHECK d/dx switch(x): max rel err =   0.8205E-11   at   2.761360
 ---------------------------------------------------
|---------------------------------------------------
| APPROXIMATING direct energy using CUBIC SPLINE INTERPOLATION
|  with   50.0 points per unit in tabled values
| Relative Error Limit not exceeded for r .gt.   2.39
| APPROXIMATING direct force using CUBIC SPLINE INTERPOLATION
|  with   50.0 points per unit in tabled values
| Relative Error Limit not exceeded for r .gt.   2.84
|---------------------------------------------------


   NSTEP       ENERGY          RMS            GMAX         NAME    NUMBER
      1      -5.9444E+05     7.4797E-01     8.0095E+01     C6       1364

 BOND    =    40861.4940  ANGLE   =     3398.9358  DIHED      =    19449.9683
 VDWAALS =    85935.5802  EEL     =  -799443.8430  HBOND      =        0.0000
 1-4 VDW =     6143.6226  1-4 EEL =    49218.2275  RESTRAINT  =        0.0000


   NSTEP       ENERGY          RMS            GMAX         NAME    NUMBER
    100      -5.9597E+05     5.8419E-01     8.9246E+01     P         253

 BOND    =    41023.9986  ANGLE   =     3581.7610  DIHED      =    19363.2213
 VDWAALS =    86128.8033  EEL     =  -800890.3205  HBOND      =        0.0000
 1-4 VDW =     5853.4034  1-4 EEL =    48867.5074  RESTRAINT  =      105.7328
 EAMBER  =  -596071.6255


   NSTEP       ENERGY          RMS            GMAX         NAME    NUMBER
    200      -5.9655E+05     1.1448E-01     7.3106E+00     P         892

 BOND    =    41046.3044  ANGLE   =     3627.2833  DIHED      =    19325.6821
 VDWAALS =    86186.1488  EEL     =  -801529.6621  HBOND      =        0.0000
 1-4 VDW =     5788.5457  1-4 EEL =    48807.8304  RESTRAINT  =      199.4220
 EAMBER  =  -596747.8675


   NSTEP       ENERGY          RMS            GMAX         NAME    NUMBER
    300      -5.9689E+05     1.5725E-01     2.6416E+01     P         892

 BOND    =    41070.8256  ANGLE   =     3651.6806  DIHED      =    19296.5068
 VDWAALS =    86226.3996  EEL     =  -801951.7797  HBOND      =        0.0000
 1-4 VDW =     5757.3589  1-4 EEL =    48784.3037  RESTRAINT  =      271.3144
 EAMBER  =  -597164.7044


   NSTEP       ENERGY          RMS            GMAX         NAME    NUMBER
    400      -5.9715E+05     8.4151E-02     7.9743E+00     P         892

 BOND    =    41084.2096  ANGLE   =     3665.4801  DIHED      =    19274.2329
 VDWAALS =    86255.8100  EEL     =  -802261.6896  HBOND      =        0.0000
 1-4 VDW =     5739.4279  1-4 EEL =    48771.4482  RESTRAINT  =      325.5316
 EAMBER  =  -597471.0809


   NSTEP       ENERGY          RMS            GMAX         NAME    NUMBER
    500      -5.9734E+05     7.6697E-02     7.2126E+00     P         892

 BOND    =    41093.8556  ANGLE   =     3673.6569  DIHED      =    19255.8050
 VDWAALS =    86279.6380  EEL     =  -802499.2909  HBOND      =        0.0000
 1-4 VDW =     5727.1482  1-4 EEL =    48762.7643  RESTRAINT  =      368.0591
 EAMBER  =  -597706.4231


   NSTEP       ENERGY          RMS            GMAX         NAME    NUMBER
    600      -5.9749E+05     2.6786E-01     6.0766E+01     P         892

 BOND    =    41104.9826  ANGLE   =     3681.0973  DIHED      =    19240.3596
 VDWAALS =    86295.6488  EEL     =  -802694.3359  HBOND      =        0.0000
 1-4 VDW =     5717.8027  1-4 EEL =    48758.0467  RESTRAINT  =      402.2230
 EAMBER  =  -597896.3983


   NSTEP       ENERGY          RMS            GMAX         NAME    NUMBER
    700      -5.9763E+05     7.1709E-02     9.3579E+00     P         892

 BOND    =    41105.6349  ANGLE   =     3682.2933  DIHED      =    19227.5765
 VDWAALS =    86314.1416  EEL     =  -802852.2441  HBOND      =        0.0000
 1-4 VDW =     5710.8722  1-4 EEL =    48755.4368  RESTRAINT  =      430.0569
 EAMBER  =  -598056.2888


   NSTEP       ENERGY          RMS            GMAX         NAME    NUMBER
    800      -5.9773E+05     2.0108E-01     3.8094E+01     P         892

 BOND    =    41111.0845  ANGLE   =     3685.0540  DIHED      =    19216.7643
 VDWAALS =    86324.3756  EEL     =  -802979.6329  HBOND      =        0.0000
 1-4 VDW =     5705.1819  1-4 EEL =    48752.8299  RESTRAINT  =      453.3613
 EAMBER  =  -598184.3427


   NSTEP       ENERGY          RMS            GMAX         NAME    NUMBER
    900      -5.9782E+05     1.6270E-01     3.3185E+01     P         892

 BOND    =    41113.6450  ANGLE   =     3687.7398  DIHED      =    19207.7604
 VDWAALS =    86330.8219  EEL     =  -803088.6214  HBOND      =        0.0000
 1-4 VDW =     5700.7277  1-4 EEL =    48750.8296  RESTRAINT  =      472.9053
 EAMBER  =  -598297.0969


   NSTEP       ENERGY          RMS            GMAX         NAME    NUMBER
   1000      -5.9791E+05     1.4461E-01     2.2137E+01     P         892

 BOND    =    41115.0096  ANGLE   =     3691.2307  DIHED      =    19200.5337
 VDWAALS =    86335.5295  EEL     =  -803189.7510  HBOND      =        0.0000
 1-4 VDW =     5696.7053  1-4 EEL =    48748.1827  RESTRAINT  =      490.6485
 EAMBER  =  -598402.5595


   NSTEP       ENERGY          RMS            GMAX         NAME    NUMBER
   1100      -5.9832E+05     1.1701E-01     2.4618E+01     H1      27184

 BOND    =    41128.0645  ANGLE   =     3705.5906  DIHED      =    19168.0676
 VDWAALS =    86408.9167  EEL     =  -803730.5484  HBOND      =        0.0000
 1-4 VDW =     5680.8677  1-4 EEL =    48738.3487  RESTRAINT  =      584.1227
 EAMBER  =  -598900.6926


   NSTEP       ENERGY          RMS            GMAX         NAME    NUMBER
   1200      -5.9849E+05     1.0646E-01     1.6703E+01     O       27183

 BOND    =    41129.9805  ANGLE   =     3710.1146  DIHED      =    19162.0519
 VDWAALS =    86427.2744  EEL     =  -803937.6151  HBOND      =        0.0000
 1-4 VDW =     5675.7615  1-4 EEL =    48741.0734  RESTRAINT  =      604.7591
 EAMBER  =  -599091.3589


   NSTEP       ENERGY          RMS            GMAX         NAME    NUMBER
   1300      -5.9860E+05     9.7866E-02     1.6790E+01     O       27420

 BOND    =    41129.7457  ANGLE   =     3711.3816  DIHED      =    19160.8550
 VDWAALS =    86442.4183  EEL     =  -804073.5279  HBOND      =        0.0000
 1-4 VDW =     5672.4503  1-4 EEL =    48741.8578  RESTRAINT  =      618.1646
 EAMBER  =  -599214.8192


   NSTEP       ENERGY          RMS            GMAX         NAME    NUMBER
   1400      -5.9869E+05     7.7480E-02     1.1190E+01     O       27420

 BOND    =    41129.7908  ANGLE   =     3716.4584  DIHED      =    19160.8819
 VDWAALS =    86450.7918  EEL     =  -804185.9336  HBOND      =        0.0000
 1-4 VDW =     5669.0827  1-4 EEL =    48742.1308  RESTRAINT  =      631.0646
 EAMBER  =  -599316.7974


   NSTEP       ENERGY          RMS            GMAX         NAME    NUMBER
   1500      -5.9878E+05     8.5467E-02     1.6301E+01     P         892

 BOND    =    41131.7600  ANGLE   =     3722.3177  DIHED      =    19160.0671
 VDWAALS =    86468.0685  EEL     =  -804310.9890  HBOND      =        0.0000
 1-4 VDW =     5666.0575  1-4 EEL =    48741.0725  RESTRAINT  =      644.4698
 EAMBER  =  -599421.6458


   NSTEP       ENERGY          RMS            GMAX         NAME    NUMBER
   1600      -5.9886E+05     7.6929E-02     1.3279E+01     O       27420

 BOND    =    41135.8322  ANGLE   =     3724.9530  DIHED      =    19160.4015
 VDWAALS =    86493.6866  EEL     =  -804435.0668  HBOND      =        0.0000
 1-4 VDW =     5664.1083  1-4 EEL =    48737.6252  RESTRAINT  =      659.0147
 EAMBER  =  -599518.4600


   NSTEP       ENERGY          RMS            GMAX         NAME    NUMBER
   1700      -5.9891E+05     6.0792E-02     1.0721E+01     O       27420

 BOND    =    41138.2600  ANGLE   =     3726.1108  DIHED      =    19157.8270
 VDWAALS =    86508.7313  EEL     =  -804505.2447  HBOND      =        0.0000
 1-4 VDW =     5662.8704  1-4 EEL =    48738.7720  RESTRAINT  =      667.3677
 EAMBER  =  -599572.6732


   NSTEP       ENERGY          RMS            GMAX         NAME    NUMBER
   1800      -5.9894E+05     6.3201E-02     1.3719E+01     CD      15529

 BOND    =    41140.8426  ANGLE   =     3728.3348  DIHED      =    19155.7679
 VDWAALS =    86521.1756  EEL     =  -804567.9445  HBOND      =        0.0000
 1-4 VDW =     5662.0451  1-4 EEL =    48740.7860  RESTRAINT  =      674.3294
 EAMBER  =  -599618.9924


   NSTEP       ENERGY          RMS            GMAX         NAME    NUMBER
   1900      -5.9899E+05     8.6609E-02     1.8572E+01     CD      15529

 BOND    =    41142.9747  ANGLE   =     3732.7418  DIHED      =    19153.3963
 VDWAALS =    86531.4946  EEL     =  -804630.1137  HBOND      =        0.0000
 1-4 VDW =     5661.0314  1-4 EEL =    48742.3780  RESTRAINT  =      680.9519
 EAMBER  =  -599666.0969


   NSTEP       ENERGY          RMS            GMAX         NAME    NUMBER
   2000      -5.9905E+05     4.1995E-02     7.0633E+00     O       27420

 BOND    =    41144.6039  ANGLE   =     3737.9849  DIHED      =    19151.7777
 VDWAALS =    86542.3370  EEL     =  -804729.4176  HBOND      =        0.0000
 1-4 VDW =     5661.6040  1-4 EEL =    48743.8591  RESTRAINT  =      695.3282
 EAMBER  =  -599747.2510


   NSTEP       ENERGY          RMS            GMAX         NAME    NUMBER
   2100      -5.9908E+05     4.4032E-02     7.0750E+00     O       27420

 BOND    =    41146.0130  ANGLE   =     3739.4497  DIHED      =    19151.4412
 VDWAALS =    86546.9410  EEL     =  -804762.9808  HBOND      =        0.0000
 1-4 VDW =     5661.5535  1-4 EEL =    48741.7685  RESTRAINT  =      699.0870
 EAMBER  =  -599775.8139


   NSTEP       ENERGY          RMS            GMAX         NAME    NUMBER
   2200      -5.9910E+05     5.3833E-02     7.8332E+00     O       27420

 BOND    =    41147.7984  ANGLE   =     3740.7395  DIHED      =    19150.8645
 VDWAALS =    86551.7277  EEL     =  -804792.4978  HBOND      =        0.0000
 1-4 VDW =     5661.2310  1-4 EEL =    48740.5105  RESTRAINT  =      701.6459
 EAMBER  =  -599799.6261


   NSTEP       ENERGY          RMS            GMAX         NAME    NUMBER
   2300      -5.9912E+05     7.2243E-02     1.8128E+01     CD      12134

 BOND    =    41148.3660  ANGLE   =     3741.5387  DIHED      =    19148.3893
 VDWAALS =    86553.6864  EEL     =  -804816.7776  HBOND      =        0.0000
 1-4 VDW =     5661.3658  1-4 EEL =    48739.9058  RESTRAINT  =      704.0089
 EAMBER  =  -599823.5255


   NSTEP       ENERGY          RMS            GMAX         NAME    NUMBER
   2400      -5.9914E+05     1.7198E-01     4.5597E+01     H2      27269

 BOND    =    41149.0949  ANGLE   =     3744.8083  DIHED      =    19147.1806
 VDWAALS =    86551.9223  EEL     =  -804844.3784  HBOND      =        0.0000
 1-4 VDW =     5660.5963  1-4 EEL =    48740.0646  RESTRAINT  =      706.0481
 EAMBER  =  -599850.7114


   NSTEP       ENERGY          RMS            GMAX         NAME    NUMBER
   2500      -5.9917E+05     4.7372E-02     4.9035E+00     O       27420

 BOND    =    41146.8719  ANGLE   =     3745.3444  DIHED      =    19143.1066
 VDWAALS =    86551.1807  EEL     =  -804864.3850  HBOND      =        0.0000
 1-4 VDW =     5660.7459  1-4 EEL =    48738.9793  RESTRAINT  =      708.7835
 EAMBER  =  -599878.1562


  Maximum number of minimization cycles reached.


                    FINAL RESULTS



   NSTEP       ENERGY          RMS            GMAX         NAME    NUMBER
   2500      -5.9917E+05     4.7372E-02     4.9035E+00     O       27420

 BOND    =    41146.8719  ANGLE   =     3745.3444  DIHED      =    19143.1066
 VDWAALS =    86551.1807  EEL     =  -804864.3850  HBOND      =        0.0000
 1-4 VDW =     5660.7459  1-4 EEL =    48738.9793  RESTRAINT  =      708.7835
 EAMBER  =  -599878.1562
--------------------------------------------------------------------------------
   5.  TIMINGS
--------------------------------------------------------------------------------

|  NonSetup CPU Time in Major Routines, Average for All Tasks:
|
|     Routine           Sec        %
|     ------------------------------
|     DataDistrib      21.93    6.50
|     Nonbond         305.94   90.69
|     Bond              1.09    0.32
|     Angle             1.37    0.41
|     Dihedral          6.00    1.78
|     Shake             0.00    0.00
|     Other             1.00    0.30
|     ------------------------------
|     Total           337.33

|  PME Nonbond Pairlist CPU Time, Average for All Tasks:
|
|     Routine              Sec        %
|     ---------------------------------
|     Set Up Cit           0.35    0.10
|     Build List           8.31    2.46
|     ---------------------------------
|     Total                8.66    2.57

|  PME Direct Force CPU Time, Average for All Tasks:
|
|     Routine              Sec        %
|     ---------------------------------
|     NonBonded Calc     202.66   60.08
|     Exclude Masked       3.31    0.98
|     Other                7.06    2.09
|     ---------------------------------
|     Total              213.03   63.15

|  PME Reciprocal Force CPU Time, Average for All Tasks:
|
|     Routine              Sec        %
|     ---------------------------------
|     1D bspline           6.18    1.83
|     Grid Charges         5.10    1.51
|     Scalar Sum          14.66    4.35
|     Gradient Sum         8.47    2.51
|     FFT                 43.87   13.01
|     ---------------------------------
|     Total               78.27   23.20

|  PME Load Balancing CPU Time, Average for All Tasks:
|
|     Routine                 Sec        %
|     ------------------------------------
|     Atom Reassign           0.00    0.00
|     Image Reassign          0.01    0.00
|     FFT Reassign            0.00    0.00
|     ------------------------------------
|     Total                   0.01    0.00

|  Master Setup CPU time:            0.65 seconds
|  Master NonSetup CPU time:       337.35 seconds
|  Master Total CPU time:          338.00 seconds     0.09 hours

|  Master Setup wall time:           1    seconds
|  Master NonSetup wall time:      337    seconds
|  Master Total wall time:         338    seconds     0.09 hours
