
          -------------------------------------------------------
          Amber 20 PMEMD                              2020
          -------------------------------------------------------

| PMEMD implementation of SANDER, Release 18

|  Compiled date/time: Tue Mar 22 21:05:21 2022
| Run on 04/25/2022 at 11:30:20

|   Executable path: pmemd.cuda
| Working directory: /home/sxwen/spycas9-sgRNA-AcrIIA2/dynamics
|          Hostname: gpu003

  [-O]verwriting output

File Assignments:
|   MDIN: heat.in                                                               
|  MDOUT: heat.out                                                              
| INPCRD: min3.rst                                                              
|   PARM: 6ifo.prmtop                                                           
| RESTRT: heat.rst                                                              
|   REFC: min3.rst                                                              
|  MDVEL: mdvel                                                                 
|   MDEN: mden                                                                  
|  MDCRD: heat.nc                                                               
| MDINFO: mdinfo                                                                
|  MDFRC: mdfrc                                                                 

 
 Here is the input file:
 
Heating: backbone atoms restrained                                             
 &cntrl                                                                        
  imin=0, irest=0, ntx=1,                                                      
  nstlim=25000, dt=0.002,                                                      
  ntwr=0, ntpr=1000, ntwx=1000, ntxo=2, ioutfm=1,                              
  ntc=2, ntf=2,                                                                
  cut=9.0,                                                                     
  ntt=3, gamma_ln=2.0, tempi=0.0, temp0=300.0, ig=-1,                          
  ntb=1, ntp=0,                                                                
  ntr=1, restraint_wt=5.0, restraintmask='@CA,C,O,N',                          
  nmropt=1,                                                                    
 /                                                                             
 &wt                                                                           
  TYPE='TEMP0',                                                                
  istep1=0, istep2=25000,                                                      
  value1=0.1, value2=300.0,                                                    
 /                                                                             
 &wt                                                                           
  TYPE='END',                                                                  
 /                                                                             


Note: ig = -1. Setting random seed to   870639 based on wallclock time in 
      microseconds.
| irandom = 1, using AMBER's internal random number generator (default).
 
|--------------------- INFORMATION ----------------------
| GPU (CUDA) Version of PMEMD in use: NVIDIA GPU IN USE.
|                    Version 18.0.0
| 
|                      03/25/2018
| 
| Implementation by:
|                    Ross C. Walker     (SDSC)
|                    Scott Le Grand     (nVIDIA)
| 
| Version 18 performance extensions by:
|                    David Cerutti     (Rutgers)
| 
| Precision model in use:
|      [SPFP] - Single Precision Forces, 64-bit Fixed Point
|               Accumulation. (Default)
| 
|--------------------------------------------------------
 
|----------------- CITATION INFORMATION -----------------
|
|    When publishing work that utilized the CUDA version
|    of AMBER, please cite the following in addition to
|    the regular AMBER citations:
|
|  - Romelia Salomon-Ferrer; Andreas W. Goetz; Duncan
|    Poole; Scott Le Grand; Ross C. Walker "Routine
|    microsecond molecular dynamics simulations with
|    AMBER - Part II: Particle Mesh Ewald", J. Chem.
|    Theory Comput., 2013, 9 (9), pp3878-3888,
|    DOI: 10.1021/ct400314y.
|
|  - Andreas W. Goetz; Mark J. Williamson; Dong Xu;
|    Duncan Poole; Scott Le Grand; Ross C. Walker
|    "Routine microsecond molecular dynamics simulations
|    with AMBER - Part I: Generalized Born", J. Chem.
|    Theory Comput., 2012, 8 (5), pp1542-1555.
|
|  - Scott Le Grand; Andreas W. Goetz; Ross C. Walker
|    "SPFP: Speed without compromise - a mixed precision
|    model for GPU accelerated molecular dynamics
|    simulations.", Comp. Phys. Comm., 2013, 184
|    pp374-380, DOI: 10.1016/j.cpc.2012.09.022
|
|--------------------------------------------------------
 
|------------------- GPU DEVICE INFO --------------------
|
|            CUDA_VISIBLE_DEVICES: 0
|   CUDA Capable Devices Detected:      1
|           CUDA Device ID in use:      0
|                CUDA Device Name: GeForce RTX 2080 Ti
|     CUDA Device Global Mem Size:  11019 MB
| CUDA Device Num Multiprocessors:     68
|           CUDA Device Core Freq:   1.54 GHz
|
|--------------------------------------------------------
 
 
| Conditional Compilation Defines Used:
| FFTW_FFT
| BINTRAJ
| MKL
| CUDA
| EMIL
 
| Largest sphere to fit in unit cell has radius =    54.127

| New format PARM file being parsed.
| Version =    1.000 Date = 04/25/22 Time = 10:36:32

| Note: 1-4 EEL scale factors are being read from the topology file.

| Note: 1-4 VDW scale factors are being read from the topology file.
| Duplicated    0 dihedrals

| Duplicated    0 dihedrals

--------------------------------------------------------------------------------
   1.  RESOURCE   USE: 
--------------------------------------------------------------------------------

 getting box info from netcdf restart file
 NATOM  =  158393 NTYPES =      19 NBONH =  144259 MBONA  =   14482
 NTHETH =   30239 MTHETA =   19923 NPHIH =   61062 MPHIA  =   59147
 NHPARM =       0 NPARM  =       0 NNB   =  325939 NRES   =   45341
 NBONA  =   14482 NTHETA =   19923 NPHIA =   59147 NUMBND =     105
 NUMANG =     244 NPTRA  =     235 NATYP =      47 NPHB   =       0
 IFBOX  =       2 NMXRS  =      34 IFCAP =       0 NEXTRA =       0
 NCOPY  =       0

| Coordinate Index Table dimensions:    23   23   23
| Direct force subcell size =     5.7645    5.7645    5.7645

     BOX TYPE: TRUNCATED OCTAHEDRON

--------------------------------------------------------------------------------
   2.  CONTROL  DATA  FOR  THE  RUN
--------------------------------------------------------------------------------

default_name                                                                    

General flags:
     imin    =       0, nmropt  =       1

Nature and format of input:
     ntx     =       1, irest   =       0, ntrx    =       1

Nature and format of output:
     ntxo    =       2, ntpr    =    1000, ntrx    =       1, ntwr    =   25000
     iwrap   =       0, ntwx    =    1000, ntwv    =       0, ntwe    =       0
     ioutfm  =       1, ntwprt  =       0, idecomp =       0, rbornstat=      0

Potential function:
     ntf     =       2, ntb     =       1, igb     =       0, nsnb    =      25
     ipol    =       0, gbsa    =       0, iesp    =       0
     dielc   =   1.00000, cut     =   9.00000, intdiel =   1.00000

Frozen or restrained atoms:
     ibelly  =       0, ntr     =       1
     restraint_wt =   5.00000

Molecular dynamics:
     nstlim  =     25000, nscm    =         0, nrespa  =         1
     t       =   0.00000, dt      =   0.00200, vlimit  =  -1.00000

Langevin dynamics temperature regulation:
     ig      =  870639
     temp0   = 300.00000, tempi   =   0.00000, gamma_ln=   2.00000

SHAKE:
     ntc     =       2, jfastw  =       0
     tol     =   0.00001

NMR refinement options:
     iscale  =       0, noeskp  =       1, ipnlty  =       1, mxsub   =       1
     scalm   = 100.00000, pencut  =   0.10000, tausw   =   0.10000

| Intermolecular bonds treatment:
|     no_intermolecular_bonds =       1

| Energy averages sample interval:
|     ene_avg_sampling =    1000

Ewald parameters:
     verbose =       0, ew_type =       0, nbflag  =       1, use_pme =       1
     vdwmeth =       1, eedmeth =       1, netfrc  =       1
     Box X =  132.584   Box Y =  132.584   Box Z =  132.584
     Alpha =  109.471   Beta  =  109.471   Gamma =  109.471
     NFFT1 =  128       NFFT2 =  128       NFFT3 =  128
     Cutoff=    9.000   Tol   =0.100E-04
     Ewald Coefficient =  0.30768
     Interpolation order =    4

    LOADING THE CONSTRAINED ATOMS AS GROUPS


   5.  REFERENCE ATOM COORDINATES

  default_name                                                                    
     Mask @CA,C,O,N; matches 49639 atoms

--------------------------------------------------------------------------------
   3.  ATOMIC COORDINATES AND VELOCITIES
--------------------------------------------------------------------------------

default_name                                                                    
 begin time read from input coords =     0.000 ps



           Begin reading energy term weight changes/NMR restraints
 WEIGHT CHANGES:
 TEMP0         0  25000    0.100000  300.000000      0      0

 RESTRAINTS:
                          ** No restraint defined **

                  Done reading weight changes/NMR restraints


 
 Number of triangulated 3-point waters found:    43675

     Sum of charges from parm topology file =  -0.00000069
     Forcing neutrality...

| Dynamic Memory, Types Used:
| Reals             4743005
| Integers          6981400

| Nonbonded Pairs Initial Allocation:    36113604

| GPU memory information (estimate):
| KB of GPU memory in use:   1055014
| KB of CPU memory in use:    302914

--------------------------------------------------------------------------------
   4.  RESULTS
--------------------------------------------------------------------------------


 NSTEP =        0   TIME(PS) =       0.000  TEMP(K) =     0.00  PRESS =     0.0
 Etot   =   -681821.1719  EKtot   =         0.0000  EPtot      =   -681821.1719
 BOND   =      1022.7565  ANGLE   =      3875.2074  DIHED      =     19455.0026
 1-4 NB =      5637.8901  1-4 EEL =     54922.2363  VDWAALS    =    100906.2867
 EELEC  =   -867640.5515  EHBOND  =         0.0000  RESTRAINT  =         0.0000
 ------------------------------------------------------------------------------

 NMR restraints: Bond =    0.000   Angle =     0.000   Torsion =     0.000
===============================================================================

 NSTEP =     1000   TIME(PS) =       2.000  TEMP(K) =     9.16  PRESS =     0.0
 Etot   =   -587836.5827  EKtot   =      3012.2122  EPtot      =   -590848.7949
 BOND   =      1152.5012  ANGLE   =      4164.9018  DIHED      =     19538.7883
 1-4 NB =      5676.9918  1-4 EEL =     54937.0421  VDWAALS    =     91327.1663
 EELEC  =   -768735.1975  EHBOND  =         0.0000  RESTRAINT  =      1089.0110
 EAMBER (non-restraint)  =   -591937.8059
 ------------------------------------------------------------------------------

 NMR restraints: Bond =    0.000   Angle =     0.000   Torsion =     0.000
===============================================================================

 NSTEP =     2000   TIME(PS) =       4.000  TEMP(K) =    21.08  PRESS =     0.0
 Etot   =   -579960.6377  EKtot   =      6930.4092  EPtot      =   -586891.0469
 BOND   =      1321.0659  ANGLE   =      4589.6668  DIHED      =     19643.0558
 1-4 NB =      5710.0470  1-4 EEL =     54919.5804  VDWAALS    =     91499.6226
 EELEC  =   -766292.1822  EHBOND  =         0.0000  RESTRAINT  =      1718.0967
 EAMBER (non-restraint)  =   -588609.1437
 ------------------------------------------------------------------------------

 NMR restraints: Bond =    0.000   Angle =     0.000   Torsion =     0.000
===============================================================================

 NSTEP =     3000   TIME(PS) =       6.000  TEMP(K) =    32.93  PRESS =     0.0
 Etot   =   -572020.6706  EKtot   =     10825.7744  EPtot      =   -582846.4451
 BOND   =      1480.8112  ANGLE   =      4998.6625  DIHED      =     19738.5828
 1-4 NB =      5757.4721  1-4 EEL =     54996.6301  VDWAALS    =     91584.3891
 EELEC  =   -763772.7680  EHBOND  =         0.0000  RESTRAINT  =      2369.7752
 EAMBER (non-restraint)  =   -585216.2202
 ------------------------------------------------------------------------------

 NMR restraints: Bond =    0.000   Angle =     0.000   Torsion =     0.000
===============================================================================

 NSTEP =     4000   TIME(PS) =       8.000  TEMP(K) =    45.13  PRESS =     0.0
 Etot   =   -563985.9089  EKtot   =     14839.5947  EPtot      =   -578825.5036
 BOND   =      1686.4948  ANGLE   =      5432.8382  DIHED      =     19831.9648
 1-4 NB =      5786.7073  1-4 EEL =     54925.0918  VDWAALS    =     91882.8809
 EELEC  =   -761381.7286  EHBOND  =         0.0000  RESTRAINT  =      3010.2472
 EAMBER (non-restraint)  =   -581835.7509
 ------------------------------------------------------------------------------

 NMR restraints: Bond =    0.000   Angle =     0.000   Torsion =     0.000
===============================================================================

 NSTEP =     5000   TIME(PS) =      10.000  TEMP(K) =    57.20  PRESS =     0.0
 Etot   =   -555981.8027  EKtot   =     18807.7363  EPtot      =   -574789.5391
 BOND   =      1873.1137  ANGLE   =      5852.8544  DIHED      =     19933.4745
 1-4 NB =      5787.5261  1-4 EEL =     54879.6391  VDWAALS    =     92055.8224
 EELEC  =   -758855.6401  EHBOND  =         0.0000  RESTRAINT  =      3683.6707
 EAMBER (non-restraint)  =   -578473.2098
 ------------------------------------------------------------------------------

 NMR restraints: Bond =    0.000   Angle =     0.000   Torsion =     0.000
===============================================================================

 NSTEP =     6000   TIME(PS) =      12.000  TEMP(K) =    69.02  PRESS =     0.0
 Etot   =   -547823.7720  EKtot   =     22692.8340  EPtot      =   -570516.6060
 BOND   =      2047.4961  ANGLE   =      6264.4624  DIHED      =     20016.7771
 1-4 NB =      5873.2614  1-4 EEL =     54889.7464  VDWAALS    =     92062.5226
 EELEC  =   -756080.3516  EHBOND  =         0.0000  RESTRAINT  =      4409.4797
 EAMBER (non-restraint)  =   -574926.0857
 ------------------------------------------------------------------------------

 NMR restraints: Bond =    0.000   Angle =     0.000   Torsion =     0.000
===============================================================================

 NSTEP =     7000   TIME(PS) =      14.000  TEMP(K) =    81.06  PRESS =     0.0
 Etot   =   -539966.3191  EKtot   =     26654.0039  EPtot      =   -566620.3230
 BOND   =      2241.7802  ANGLE   =      6658.0983  DIHED      =     20115.7782
 1-4 NB =      5849.4490  1-4 EEL =     54899.1923  VDWAALS    =     92058.5505
 EELEC  =   -753571.1490  EHBOND  =         0.0000  RESTRAINT  =      5127.9775
 EAMBER (non-restraint)  =   -571748.3005
 ------------------------------------------------------------------------------

 NMR restraints: Bond =    0.000   Angle =     0.000   Torsion =     0.000
===============================================================================

 NSTEP =     8000   TIME(PS) =      16.000  TEMP(K) =    92.85  PRESS =     0.0
 Etot   =   -531458.2814  EKtot   =     30528.2695  EPtot      =   -561986.5510
 BOND   =      2407.3163  ANGLE   =      7115.3044  DIHED      =     20252.1788
 1-4 NB =      5896.0974  1-4 EEL =     54922.5828  VDWAALS    =     92323.9878
 EELEC  =   -750911.0787  EHBOND  =         0.0000  RESTRAINT  =      6007.0602
 EAMBER (non-restraint)  =   -567993.6112
 ------------------------------------------------------------------------------

 NMR restraints: Bond =    0.000   Angle =     0.000   Torsion =     0.000
===============================================================================

 NSTEP =     9000   TIME(PS) =      18.000  TEMP(K) =   105.00  PRESS =     0.0
 Etot   =   -523342.1246  EKtot   =     34523.9727  EPtot      =   -557866.0972
 BOND   =      2610.9833  ANGLE   =      7466.4453  DIHED      =     20397.4833
 1-4 NB =      5912.2114  1-4 EEL =     54904.9870  VDWAALS    =     92582.5527
 EELEC  =   -748415.8006  EHBOND  =         0.0000  RESTRAINT  =      6675.0405
 EAMBER (non-restraint)  =   -564541.1377
 ------------------------------------------------------------------------------

 NMR restraints: Bond =    0.000   Angle =     0.000   Torsion =     0.000
===============================================================================

 NSTEP =    10000   TIME(PS) =      20.000  TEMP(K) =   116.99  PRESS =     0.0
 Etot   =   -515331.1573  EKtot   =     38464.8086  EPtot      =   -553795.9659
 BOND   =      2767.7136  ANGLE   =      7971.6327  DIHED      =     20476.0985
 1-4 NB =      5968.4374  1-4 EEL =     54971.7906  VDWAALS    =     92801.6636
 EELEC  =   -746168.7815  EHBOND  =         0.0000  RESTRAINT  =      7415.4792
 EAMBER (non-restraint)  =   -561211.4451
 ------------------------------------------------------------------------------

 NMR restraints: Bond =    0.000   Angle =     0.000   Torsion =     0.000
===============================================================================

 NSTEP =    11000   TIME(PS) =      22.000  TEMP(K) =   129.41  PRESS =     0.0
 Etot   =   -506963.6162  EKtot   =     42549.8477  EPtot      =   -549513.4639
 BOND   =      2900.1118  ANGLE   =      8334.0346  DIHED      =     20567.9573
 1-4 NB =      5990.3548  1-4 EEL =     54896.0301  VDWAALS    =     92772.1544
 EELEC  =   -743177.5992  EHBOND  =         0.0000  RESTRAINT  =      8203.4922
 EAMBER (non-restraint)  =   -557716.9561
 ------------------------------------------------------------------------------

 NMR restraints: Bond =    0.000   Angle =     0.000   Torsion =     0.000
===============================================================================

 NSTEP =    12000   TIME(PS) =      24.000  TEMP(K) =   140.34  PRESS =     0.0
 Etot   =   -499241.4936  EKtot   =     46143.8008  EPtot      =   -545385.2944
 BOND   =      3118.6823  ANGLE   =      8743.6827  DIHED      =     20648.5668
 1-4 NB =      6029.4293  1-4 EEL =     54864.4651  VDWAALS    =     93032.6231
 EELEC  =   -740744.7132  EHBOND  =         0.0000  RESTRAINT  =      8921.9695
 EAMBER (non-restraint)  =   -554307.2638
 ------------------------------------------------------------------------------

 NMR restraints: Bond =    0.000   Angle =     0.000   Torsion =     0.000
===============================================================================

 NSTEP =    13000   TIME(PS) =      26.000  TEMP(K) =   152.54  PRESS =     0.0
 Etot   =   -490377.0034  EKtot   =     50155.5000  EPtot      =   -540532.5034
 BOND   =      3289.5995  ANGLE   =      9123.9994  DIHED      =     20797.3196
 1-4 NB =      6058.2503  1-4 EEL =     54861.3612  VDWAALS    =     93134.9535
 EELEC  =   -737859.5676  EHBOND  =         0.0000  RESTRAINT  =     10061.5807
 EAMBER (non-restraint)  =   -550594.0841
 ------------------------------------------------------------------------------

 NMR restraints: Bond =    0.000   Angle =     0.000   Torsion =     0.000
===============================================================================

 NSTEP =    14000   TIME(PS) =      28.000  TEMP(K) =   164.66  PRESS =     0.0
 Etot   =   -481301.3981  EKtot   =     54139.4844  EPtot      =   -535440.8825
 BOND   =      3470.4661  ANGLE   =      9681.1126  DIHED      =     20909.2728
 1-4 NB =      6131.8953  1-4 EEL =     54933.8877  VDWAALS    =     92979.2404
 EELEC  =   -734918.0257  EHBOND  =         0.0000  RESTRAINT  =     11371.2684
 EAMBER (non-restraint)  =   -546812.1509
 ------------------------------------------------------------------------------

 NMR restraints: Bond =    0.000   Angle =     0.000   Torsion =     0.000
===============================================================================

 NSTEP =    15000   TIME(PS) =      30.000  TEMP(K) =   176.02  PRESS =     0.0
 Etot   =   -473339.9577  EKtot   =     57875.1406  EPtot      =   -531215.0983
 BOND   =      3719.3424  ANGLE   =     10021.7034  DIHED      =     21035.2173
 1-4 NB =      6127.9144  1-4 EEL =     54856.9225  VDWAALS    =     93097.9419
 EELEC  =   -732047.4630  EHBOND  =         0.0000  RESTRAINT  =     11973.3227
 EAMBER (non-restraint)  =   -543188.4210
 ------------------------------------------------------------------------------

 NMR restraints: Bond =    0.000   Angle =     0.000   Torsion =     0.000
===============================================================================

 NSTEP =    16000   TIME(PS) =      32.000  TEMP(K) =   188.52  PRESS =     0.0
 Etot   =   -464643.7141  EKtot   =     61984.2109  EPtot      =   -526627.9250
 BOND   =      3873.2578  ANGLE   =     10414.6389  DIHED      =     21089.6196
 1-4 NB =      6127.5715  1-4 EEL =     54898.1411  VDWAALS    =     93158.1705
 EELEC  =   -729017.8493  EHBOND  =         0.0000  RESTRAINT  =     12828.5249
 EAMBER (non-restraint)  =   -539456.4499
 ------------------------------------------------------------------------------

 NMR restraints: Bond =    0.000   Angle =     0.000   Torsion =     0.000
===============================================================================

 NSTEP =    17000   TIME(PS) =      34.000  TEMP(K) =   200.76  PRESS =     0.0
 Etot   =   -455444.6786  EKtot   =     66010.4141  EPtot      =   -521455.0926
 BOND   =      4033.8989  ANGLE   =     10954.8450  DIHED      =     21290.1668
 1-4 NB =      6200.9328  1-4 EEL =     54899.5408  VDWAALS    =     93219.9899
 EELEC  =   -726271.8499  EHBOND  =         0.0000  RESTRAINT  =     14217.3830
 EAMBER (non-restraint)  =   -535672.4756
 ------------------------------------------------------------------------------

 NMR restraints: Bond =    0.000   Angle =     0.000   Torsion =     0.000
===============================================================================

 NSTEP =    18000   TIME(PS) =      36.000  TEMP(K) =   213.52  PRESS =     0.0
 Etot   =   -445795.2973  EKtot   =     70206.7969  EPtot      =   -516002.0942
 BOND   =      4178.9409  ANGLE   =     11453.6341  DIHED      =     21476.4457
 1-4 NB =      6200.5977  1-4 EEL =     54811.2323  VDWAALS    =     93631.1816
 EELEC  =   -723519.5534  EHBOND  =         0.0000  RESTRAINT  =     15765.4270
 EAMBER (non-restraint)  =   -531767.5212
 ------------------------------------------------------------------------------

 NMR restraints: Bond =    0.000   Angle =     0.000   Torsion =     0.000
===============================================================================

 NSTEP =    19000   TIME(PS) =      38.000  TEMP(K) =   224.25  PRESS =     0.0
 Etot   =   -438335.4909  EKtot   =     73735.1406  EPtot      =   -512070.6315
 BOND   =      4443.0834  ANGLE   =     11794.0371  DIHED      =     21520.7588
 1-4 NB =      6256.6330  1-4 EEL =     54937.6870  VDWAALS    =     92996.3129
 EELEC  =   -720163.8592  EHBOND  =         0.0000  RESTRAINT  =     16144.7155
 EAMBER (non-restraint)  =   -528215.3470
 ------------------------------------------------------------------------------

 NMR restraints: Bond =    0.000   Angle =     0.000   Torsion =     0.000
===============================================================================

 NSTEP =    20000   TIME(PS) =      40.000  TEMP(K) =   235.85  PRESS =     0.0
 Etot   =   -429932.8004  EKtot   =     77546.5078  EPtot      =   -507479.3082
 BOND   =      4625.6333  ANGLE   =     12299.4126  DIHED      =     21659.2989
 1-4 NB =      6347.6899  1-4 EEL =     54857.9027  VDWAALS    =     93816.5668
 EELEC  =   -718154.3978  EHBOND  =         0.0000  RESTRAINT  =     17068.5853
 EAMBER (non-restraint)  =   -524547.8936
 ------------------------------------------------------------------------------

 NMR restraints: Bond =    0.000   Angle =     0.000   Torsion =     0.000
===============================================================================

 NSTEP =    21000   TIME(PS) =      42.000  TEMP(K) =   249.93  PRESS =     0.0
 Etot   =   -420620.9109  EKtot   =     82177.0625  EPtot      =   -502797.9734
 BOND   =      4780.2594  ANGLE   =     12610.0233  DIHED      =     21743.8011
 1-4 NB =      6351.5422  1-4 EEL =     54792.9295  VDWAALS    =     93615.9821
 EELEC  =   -714696.4811  EHBOND  =         0.0000  RESTRAINT  =     18003.9701
 EAMBER (non-restraint)  =   -520801.9434
 ------------------------------------------------------------------------------

 NMR restraints: Bond =    0.000   Angle =     0.000   Torsion =     0.000
===============================================================================

 NSTEP =    22000   TIME(PS) =      44.000  TEMP(K) =   260.12  PRESS =     0.0
 Etot   =   -412923.7273  EKtot   =     85528.5312  EPtot      =   -498452.2586
 BOND   =      4858.8918  ANGLE   =     13132.8589  DIHED      =     21936.7069
 1-4 NB =      6385.4368  1-4 EEL =     54717.2148  VDWAALS    =     93685.2942
 EELEC  =   -711643.0299  EHBOND  =         0.0000  RESTRAINT  =     18474.3679
 EAMBER (non-restraint)  =   -516926.6265
 ------------------------------------------------------------------------------

 NMR restraints: Bond =    0.000   Angle =     0.000   Torsion =     0.000
===============================================================================

 NSTEP =    23000   TIME(PS) =      46.000  TEMP(K) =   271.73  PRESS =     0.0
 Etot   =   -403431.7763  EKtot   =     89344.0781  EPtot      =   -492775.8544
 BOND   =      5129.7035  ANGLE   =     13651.4504  DIHED      =     22055.2501
 1-4 NB =      6387.3640  1-4 EEL =     54749.5459  VDWAALS    =     93702.8866
 EELEC  =   -708691.4090  EHBOND  =         0.0000  RESTRAINT  =     20239.3540
 EAMBER (non-restraint)  =   -513015.2084
 ------------------------------------------------------------------------------

 NMR restraints: Bond =    0.000   Angle =     0.000   Torsion =     0.000
===============================================================================

 NSTEP =    24000   TIME(PS) =      48.000  TEMP(K) =   283.55  PRESS =     0.0
 Etot   =   -395298.4787  EKtot   =     93230.1875  EPtot      =   -488528.6662
 BOND   =      5247.1068  ANGLE   =     13775.7315  DIHED      =     22144.9195
 1-4 NB =      6473.0818  1-4 EEL =     54813.7039  VDWAALS    =     93625.5723
 EELEC  =   -705410.7062  EHBOND  =         0.0000  RESTRAINT  =     20801.9242
 EAMBER (non-restraint)  =   -509330.5904
 ------------------------------------------------------------------------------

 NMR restraints: Bond =    0.000   Angle =     0.000   Torsion =     0.000
===============================================================================

 NSTEP =    25000   TIME(PS) =      50.000  TEMP(K) =   297.45  PRESS =     0.0
 Etot   =   -385223.5330  EKtot   =     97801.1797  EPtot      =   -483024.7127
 BOND   =      5474.8575  ANGLE   =     14325.0405  DIHED      =     22242.3902
 1-4 NB =      6518.6723  1-4 EEL =     54924.3035  VDWAALS    =     93020.7389
 EELEC  =   -701990.9629  EHBOND  =         0.0000  RESTRAINT  =     22460.2474
 EAMBER (non-restraint)  =   -505484.9601
 ------------------------------------------------------------------------------

 NMR restraints: Bond =    0.000   Angle =     0.000   Torsion =     0.000
===============================================================================

      A V E R A G E S   O V E R      25 S T E P S


 NSTEP =    25000   TIME(PS) =      50.000  TEMP(K) =   152.76  PRESS =     0.0
 Etot   =   -488823.2453  EKtot   =     50228.2999  EPtot      =   -539051.5453
 BOND   =      3309.3245  ANGLE   =      9233.2429  DIHED      =     20842.4749
 1-4 NB =      6072.2227  1-4 EEL =     54882.4460  VDWAALS    =     92786.7507
 EELEC  =   -736899.6858  EHBOND  =         0.0000  RESTRAINT  =     10721.6788
 EAMBER (non-restraint)  =   -549773.2241
 ------------------------------------------------------------------------------

 NMR restraints: Bond =    0.000   Angle =     0.000   Torsion =     0.000
===============================================================================

      R M S  F L U C T U A T I O N S


 NSTEP =    25000   TIME(PS) =      50.000  TEMP(K) =    86.30  PRESS =     0.0
 Etot   =     60823.4225  EKtot   =     28374.0659  EPtot      =     32458.0336
 BOND   =      1300.9232  ANGLE   =      3069.3233  DIHED      =       828.9451
 1-4 NB =       245.1497  1-4 EEL =        64.0712  VDWAALS    =       733.3889
 EELEC  =     19946.5633  EHBOND  =         0.0000  RESTRAINT  =      6450.4160
 EAMBER (non-restraint)  =     26007.6175
 ------------------------------------------------------------------------------


 NMR restraints on final step:

--------------------------------------------------------------------------------
   5.  TIMINGS
--------------------------------------------------------------------------------

|  NonSetup CPU Time in Major Routines:
|
|     Routine           Sec        %
|     ------------------------------
|     Nonbond           3.94    8.34
|     Bond              0.00    0.00
|     Angle             0.00    0.00
|     Dihedral          0.00    0.00
|     Shake             0.14    0.30
|     RunMD            42.95   91.00
|     Other             0.17    0.36
|     ------------------------------
|     Total            47.20

|  PME Nonbond Pairlist CPU Time:
|
|     Routine              Sec        %
|     ---------------------------------
|     Set Up Cit           0.00    0.00
|     Build List           0.00    0.00
|     ---------------------------------
|     Total                0.00    0.00

|  PME Direct Force CPU Time:
|
|     Routine              Sec        %
|     ---------------------------------
|     NonBonded Calc       0.00    0.00
|     Exclude Masked       0.00    0.00
|     Other                0.11    0.24
|     ---------------------------------
|     Total                0.11    0.24

|  PME Reciprocal Force CPU Time:
|
|     Routine              Sec        %
|     ---------------------------------
|     1D bspline           0.00    0.00
|     Grid Charges         0.00    0.00
|     Scalar Sum           0.00    0.00
|     Gradient Sum         0.00    0.00
|     FFT                  0.00    0.00
|     ---------------------------------
|     Total                0.00    0.00

|  Final Performance Info:
|     -----------------------------------------------------
|     Average timings for last   25000 steps:
|     Elapsed(s) =      47.17 Per Step(ms) =       1.89
|         ns/day =      91.58   seconds/ns =     943.44
|
|     Average timings for all steps:
|     Elapsed(s) =      47.17 Per Step(ms) =       1.89
|         ns/day =      91.58   seconds/ns =     943.44
|     -----------------------------------------------------

|  Setup CPU time:            2.95 seconds
|  NonSetup CPU time:        47.20 seconds
|  Total CPU time:           50.15 seconds     0.01 hours

|  Setup wall time:           3    seconds
|  NonSetup wall time:       47    seconds
|  Total wall time:          50    seconds     0.01 hours
