
          -------------------------------------------------------
          Amber 20 PMEMD                              2020
          -------------------------------------------------------

| PMEMD implementation of SANDER, Release 18

|  Compiled date/time: Tue Mar 22 21:09:55 2022
| Run on 04/25/2022 at 11:08:19

|   Executable path: pmemd.MPI
| Working directory: /home/sxwen/spycas9-sgRNA-AcrIIA2/dynamics
|          Hostname: gpu003

  [-O]verwriting output

File Assignments:
|   MDIN: min2.in                                                               
|  MDOUT: min2.out                                                              
| INPCRD: min1.rst                                                              
|   PARM: 6ifo.prmtop                                                           
| RESTRT: min2.rst                                                              
|   REFC: min1.rst                                                              
|  MDVEL: mdvel                                                                 
|   MDEN: mden                                                                  
|  MDCRD: mdcrd                                                                 
| MDINFO: mdinfo                                                                
|LOGFILE: logfile                                                               
|  MDFRC: mdfrc                                                                 

 
 Here is the input file:
 
Minimization Step 2: backbone atoms restrained                                 
 &cntrl                                                                        
  imin=1, maxcyc=2500, ncyc=1000,                                              
  ntwr=0, ntpr=100, ntxo=2, ioutfm=1,                                          
  ntc=1, ntf=1,                                                                
  cut=9.0,                                                                     
  ntb=1,                                                                       
  ntr=1, restraint_wt=10.0, restraintmask='@CA,C,O,N',                         
 /                                                                             


Note: ig = -1. Setting random seed to   178503 based on wallclock time in
      microseconds and disabling the synchronization of random numbers 
      between tasks to improve performance.
| irandom = 1, using AMBER's internal random number generator (default).
 
 
| Conditional Compilation Defines Used:
| MPI
| FFTW_FFT
| BINTRAJ
| MKL
| EMIL
 
| Largest sphere to fit in unit cell has radius =    54.127

| New format PARM file being parsed.
| Version =    1.000 Date = 04/25/22 Time = 10:36:32

| Note: 1-4 EEL scale factors are being read from the topology file.

| Note: 1-4 VDW scale factors are being read from the topology file.
| Duplicated    0 dihedrals

| Duplicated    0 dihedrals

--------------------------------------------------------------------------------
   1.  RESOURCE   USE: 
--------------------------------------------------------------------------------

 getting box info from netcdf restart file
 NATOM  =  158393 NTYPES =      19 NBONH =  144259 MBONA  =   14482
 NTHETH =   30239 MTHETA =   19923 NPHIH =   61062 MPHIA  =   59147
 NHPARM =       0 NPARM  =       0 NNB   =  325939 NRES   =   45341
 NBONA  =   14482 NTHETA =   19923 NPHIA =   59147 NUMBND =     105
 NUMANG =     244 NPTRA  =     235 NATYP =      47 NPHB   =       0
 IFBOX  =       2 NMXRS  =      34 IFCAP =       0 NEXTRA =       0
 NCOPY  =       0

| Coordinate Index Table dimensions:    21   21   21
| Direct force subcell size =     6.3135    6.3135    6.3135

     BOX TYPE: TRUNCATED OCTAHEDRON

--------------------------------------------------------------------------------
   2.  CONTROL  DATA  FOR  THE  RUN
--------------------------------------------------------------------------------

default_name                                                                    

General flags:
     imin    =       1, nmropt  =       0

Nature and format of input:
     ntx     =       1, irest   =       0, ntrx    =       1

Nature and format of output:
     ntxo    =       2, ntpr    =     100, ntrx    =       1, ntwr    =       1
     iwrap   =       0, ntwx    =       0, ntwv    =       0, ntwe    =       0
     ioutfm  =       1, ntwprt  =       0, idecomp =       0, rbornstat=      0

Potential function:
     ntf     =       1, ntb     =       1, igb     =       0, nsnb    =      25
     ipol    =       0, gbsa    =       0, iesp    =       0
     dielc   =   1.00000, cut     =   9.00000, intdiel =   1.00000

Frozen or restrained atoms:
     ibelly  =       0, ntr     =       1
     restraint_wt =  10.00000

Energy minimization:
     maxcyc  =    2500, ncyc    =    1000, ntmin   =       1
     dx0     =   0.01000, drms    =   0.00010

| Intermolecular bonds treatment:
|     no_intermolecular_bonds =       1

| Energy averages sample interval:
|     ene_avg_sampling =       1

Ewald parameters:
     verbose =       0, ew_type =       0, nbflag  =       1, use_pme =       1
     vdwmeth =       1, eedmeth =       1, netfrc  =       0
     Box X =  132.584   Box Y =  132.584   Box Z =  132.584
     Alpha =  109.471   Beta  =  109.471   Gamma =  109.471
     NFFT1 =  144       NFFT2 =  135       NFFT3 =  135
     Cutoff=    9.000   Tol   =0.100E-04
     Ewald Coefficient =  0.30768
     Interpolation order =    4

| PMEMD ewald parallel performance parameters:
|     block_fft =    0
|     fft_blk_y_divisor =    2
|     excl_recip =    0
|     excl_master =    0
|     atm_redist_freq =  320

    LOADING THE CONSTRAINED ATOMS AS GROUPS


   5.  REFERENCE ATOM COORDINATES

  default_name                                                                    
     Mask @CA,C,O,N; matches 49639 atoms

--------------------------------------------------------------------------------
   3.  ATOMIC COORDINATES AND VELOCITIES
--------------------------------------------------------------------------------

default_name                                                                    
 begin time read from input coords =     0.000 ps

 
 Number of triangulated 3-point waters found:    43675

     Sum of charges from parm topology file =  -0.00000069
     Forcing neutrality...

| Dynamic Memory, Types Used:
| Reals             6155332
| Integers          7778327

| Nonbonded Pairs Initial Allocation:     7984987

| Running AMBER/MPI version on    6 MPI task

 
--------------------------------------------------------------------------------
   4.  RESULTS
--------------------------------------------------------------------------------

 ---------------------------------------------------
 APPROXIMATING switch and d/dx switch using CUBIC SPLINE INTERPOLATION
 using   5000.0 points per unit in tabled values
 TESTING RELATIVE ERROR over r ranging from 0.0 to cutoff
| CHECK switch(x): max rel err =   0.3316E-14   at   2.351880
| CHECK d/dx switch(x): max rel err =   0.8205E-11   at   2.761360
 ---------------------------------------------------
|---------------------------------------------------
| APPROXIMATING direct energy using CUBIC SPLINE INTERPOLATION
|  with   50.0 points per unit in tabled values
| Relative Error Limit not exceeded for r .gt.   2.39
| APPROXIMATING direct force using CUBIC SPLINE INTERPOLATION
|  with   50.0 points per unit in tabled values
| Relative Error Limit not exceeded for r .gt.   2.84
|---------------------------------------------------


   NSTEP       ENERGY          RMS            GMAX         NAME    NUMBER
      1      -6.1598E+05     6.5297E-01     3.6555E+01     CG       4394

 BOND    =    43084.0094  ANGLE   =     3695.4752  DIHED      =    20103.4231
 VDWAALS =    91621.0455  EEL     =  -836893.7659  HBOND      =        0.0000
 1-4 VDW =     6423.0486  1-4 EEL =    55991.5655  RESTRAINT  =        0.0000


   NSTEP       ENERGY          RMS            GMAX         NAME    NUMBER
    100      -6.1824E+05     5.9391E-01     7.9560E+01     P       23473

 BOND    =    43246.0999  ANGLE   =     3768.2241  DIHED      =    19957.2216
 VDWAALS =    91480.3961  EEL     =  -838555.1222  HBOND      =        0.0000
 1-4 VDW =     6081.8621  1-4 EEL =    55621.1988  RESTRAINT  =      163.3178
 EAMBER  =  -618400.1195


   NSTEP       ENERGY          RMS            GMAX         NAME    NUMBER
    200      -6.1911E+05     1.4286E-01     2.2513E+01     P       23473

 BOND    =    43274.7219  ANGLE   =     3789.7843  DIHED      =    19891.0509
 VDWAALS =    91480.7430  EEL     =  -839387.0215  HBOND      =        0.0000
 1-4 VDW =     5993.3830  1-4 EEL =    55559.3577  RESTRAINT  =      292.1482
 EAMBER  =  -619397.9807


   NSTEP       ENERGY          RMS            GMAX         NAME    NUMBER
    300      -6.1961E+05     1.3242E-01     2.8683E+01     P       23473

 BOND    =    43300.4449  ANGLE   =     3800.0678  DIHED      =    19846.2293
 VDWAALS =    91503.1148  EEL     =  -839930.3263  HBOND      =        0.0000
 1-4 VDW =     5951.8118  1-4 EEL =    55536.6398  RESTRAINT  =      381.8998
 EAMBER  =  -619992.0178


   NSTEP       ENERGY          RMS            GMAX         NAME    NUMBER
    400      -6.1995E+05     3.8277E-01     1.1126E+02     P       23473

 BOND    =    43324.4877  ANGLE   =     3805.1505  DIHED      =    19812.0961
 VDWAALS =    91528.7139  EEL     =  -840320.3842  HBOND      =        0.0000
 1-4 VDW =     5927.2495  1-4 EEL =    55524.5768  RESTRAINT  =      447.1426
 EAMBER  =  -620398.1097


   NSTEP       ENERGY          RMS            GMAX         NAME    NUMBER
    500      -6.2021E+05     3.1478E-01     8.4652E+01     P       23473

 BOND    =    43333.9669  ANGLE   =     3803.6434  DIHED      =    19783.3216
 VDWAALS =    91551.2987  EEL     =  -840609.9716  HBOND      =        0.0000
 1-4 VDW =     5910.7558  1-4 EEL =    55517.9166  RESTRAINT  =      496.3389
 EAMBER  =  -620709.0686


   NSTEP       ENERGY          RMS            GMAX         NAME    NUMBER
    600      -6.2042E+05     2.7813E-01     6.1733E+01     CD       9444

 BOND    =    43339.4124  ANGLE   =     3804.3645  DIHED      =    19757.8438
 VDWAALS =    91566.8589  EEL     =  -840835.5406  HBOND      =        0.0000
 1-4 VDW =     5899.5055  1-4 EEL =    55513.0285  RESTRAINT  =      534.7762
 EAMBER  =  -620954.5269


   NSTEP       ENERGY          RMS            GMAX         NAME    NUMBER
    700      -6.2059E+05     2.3545E-01     3.9774E+01     P       23473

 BOND    =    43345.1940  ANGLE   =     3802.7006  DIHED      =    19738.5023
 VDWAALS =    91578.2529  EEL     =  -841020.6661  HBOND      =        0.0000
 1-4 VDW =     5890.0855  1-4 EEL =    55510.3079  RESTRAINT  =      566.5830
 EAMBER  =  -621155.6228


   NSTEP       ENERGY          RMS            GMAX         NAME    NUMBER
    800      -6.2073E+05     2.0304E-01     4.2123E+01     CD       9444

 BOND    =    43347.8827  ANGLE   =     3803.3892  DIHED      =    19724.3737
 VDWAALS =    91590.1002  EEL     =  -841182.5505  HBOND      =        0.0000
 1-4 VDW =     5883.3057  1-4 EEL =    55507.2086  RESTRAINT  =      592.9379
 EAMBER  =  -621326.2904


   NSTEP       ENERGY          RMS            GMAX         NAME    NUMBER
    900      -6.2086E+05     1.6403E-01     2.1975E+01     C4      25130

 BOND    =    43351.8226  ANGLE   =     3802.2980  DIHED      =    19713.1150
 VDWAALS =    91600.8080  EEL     =  -841326.8010  HBOND      =        0.0000
 1-4 VDW =     5877.3615  1-4 EEL =    55505.1928  RESTRAINT  =      615.0096
 EAMBER  =  -621476.2029


   NSTEP       ENERGY          RMS            GMAX         NAME    NUMBER
   1000      -6.2098E+05     1.4934E-01     3.0881E+01     CD       9444

 BOND    =    43354.1994  ANGLE   =     3801.9043  DIHED      =    19704.4528
 VDWAALS =    91612.3623  EEL     =  -841459.2855  HBOND      =        0.0000
 1-4 VDW =     5873.2062  1-4 EEL =    55502.4599  RESTRAINT  =      633.7569
 EAMBER  =  -621610.7007


   NSTEP       ENERGY          RMS            GMAX         NAME    NUMBER
   1100      -6.2154E+05     1.4028E-01     2.1639E+01     CD      14971

 BOND    =    43373.6594  ANGLE   =     3799.8894  DIHED      =    19661.2392
 VDWAALS =    91668.3915  EEL     =  -842117.7182  HBOND      =        0.0000
 1-4 VDW =     5851.4692  1-4 EEL =    55483.1655  RESTRAINT  =      736.6229
 EAMBER  =  -622279.9040


   NSTEP       ENERGY          RMS            GMAX         NAME    NUMBER
   1200      -6.2174E+05     1.0917E-01     1.4638E+01     CD       9444

 BOND    =    43383.7691  ANGLE   =     3802.3169  DIHED      =    19649.8247
 VDWAALS =    91688.0817  EEL     =  -842343.4284  HBOND      =        0.0000
 1-4 VDW =     5844.3331  1-4 EEL =    55478.9370  RESTRAINT  =      755.4334
 EAMBER  =  -622496.1659


   NSTEP       ENERGY          RMS            GMAX         NAME    NUMBER
   1300      -6.2193E+05     1.0070E-01     1.5227E+01     CD       9444

 BOND    =    43382.5863  ANGLE   =     3808.1026  DIHED      =    19638.5063
 VDWAALS =    91706.1180  EEL     =  -842558.6589  HBOND      =        0.0000
 1-4 VDW =     5836.4042  1-4 EEL =    55475.5817  RESTRAINT  =      776.7948
 EAMBER  =  -622711.3598


   NSTEP       ENERGY          RMS            GMAX         NAME    NUMBER
   1400      -6.2204E+05     5.4313E-02     5.7340E+00     Na+     27348

 BOND    =    43383.0061  ANGLE   =     3813.2576  DIHED      =    19633.1078
 VDWAALS =    91717.9104  EEL     =  -842683.1472  HBOND      =        0.0000
 1-4 VDW =     5832.5387  1-4 EEL =    55474.1598  RESTRAINT  =      788.9862
 EAMBER  =  -622829.1668


   NSTEP       ENERGY          RMS            GMAX         NAME    NUMBER
   1500      -6.2212E+05     4.3384E-02     4.0055E+00     CB      11241

 BOND    =    43384.7088  ANGLE   =     3819.4897  DIHED      =    19630.8075
 VDWAALS =    91722.1493  EEL     =  -842787.8912  HBOND      =        0.0000
 1-4 VDW =     5828.7184  1-4 EEL =    55475.4700  RESTRAINT  =      803.1231
 EAMBER  =  -622926.5475


   NSTEP       ENERGY          RMS            GMAX         NAME    NUMBER
   1600      -6.2223E+05     6.5273E-02     7.8956E+00     CG        171

 BOND    =    43383.5500  ANGLE   =     3830.8231  DIHED      =    19630.4106
 VDWAALS =    91720.9272  EEL     =  -842924.5447  HBOND      =        0.0000
 1-4 VDW =     5826.0689  1-4 EEL =    55482.4850  RESTRAINT  =      817.8795
 EAMBER  =  -623050.2799


   NSTEP       ENERGY          RMS            GMAX         NAME    NUMBER
   1700      -6.2227E+05     6.9855E-02     7.9400E+00     CG        171

 BOND    =    43384.3465  ANGLE   =     3830.7137  DIHED      =    19632.0106
 VDWAALS =    91728.1862  EEL     =  -842981.5111  HBOND      =        0.0000
 1-4 VDW =     5825.8114  1-4 EEL =    55485.6870  RESTRAINT  =      821.2350
 EAMBER  =  -623094.7558


   NSTEP       ENERGY          RMS            GMAX         NAME    NUMBER
   1800      -6.2230E+05     5.9481E-02     9.2446E+00     CG        171

 BOND    =    43383.8485  ANGLE   =     3831.5460  DIHED      =    19632.7362
 VDWAALS =    91732.2541  EEL     =  -843019.3489  HBOND      =        0.0000
 1-4 VDW =     5825.7510  1-4 EEL =    55485.8855  RESTRAINT  =      823.6688
 EAMBER  =  -623127.3275


   NSTEP       ENERGY          RMS            GMAX         NAME    NUMBER
   1900      -6.2233E+05     7.1054E-02     8.6587E+00     CG        171

 BOND    =    43383.5925  ANGLE   =     3833.8336  DIHED      =    19633.5604
 VDWAALS =    91733.8365  EEL     =  -843057.8263  HBOND      =        0.0000
 1-4 VDW =     5825.7854  1-4 EEL =    55486.2743  RESTRAINT  =      826.2296
 EAMBER  =  -623160.9435


   NSTEP       ENERGY          RMS            GMAX         NAME    NUMBER
   2000      -6.2237E+05     6.4088E-02     1.1402E+01     CB       7633

 BOND    =    43382.7697  ANGLE   =     3836.7315  DIHED      =    19633.8008
 VDWAALS =    91731.2466  EEL     =  -843096.7517  HBOND      =        0.0000
 1-4 VDW =     5825.4465  1-4 EEL =    55487.0956  RESTRAINT  =      829.9957
 EAMBER  =  -623199.6608


   NSTEP       ENERGY          RMS            GMAX         NAME    NUMBER
   2100      -6.2241E+05     4.9074E-02     6.0967E+00     P       23082

 BOND    =    43382.7577  ANGLE   =     3836.8120  DIHED      =    19633.8974
 VDWAALS =    91733.4089  EEL     =  -843140.8632  HBOND      =        0.0000
 1-4 VDW =     5826.0090  1-4 EEL =    55490.0993  RESTRAINT  =      832.6006
 EAMBER  =  -623237.8790


   NSTEP       ENERGY          RMS            GMAX         NAME    NUMBER
   2200      -6.2243E+05     5.2811E-02     6.1560E+00     P       23082

 BOND    =    43382.2621  ANGLE   =     3836.5829  DIHED      =    19634.5601
 VDWAALS =    91735.0510  EEL     =  -843173.3056  HBOND      =        0.0000
 1-4 VDW =     5826.8721  1-4 EEL =    55492.5483  RESTRAINT  =      834.2777
 EAMBER  =  -623265.4291


   NSTEP       ENERGY          RMS            GMAX         NAME    NUMBER
   2300      -6.2246E+05     8.8749E-02     9.2574E+00     CB       7633

 BOND    =    43382.3867  ANGLE   =     3837.0954  DIHED      =    19637.1504
 VDWAALS =    91732.9183  EEL     =  -843208.0062  HBOND      =        0.0000
 1-4 VDW =     5827.0844  1-4 EEL =    55495.3463  RESTRAINT  =      836.0255
 EAMBER  =  -623296.0247


   NSTEP       ENERGY          RMS            GMAX         NAME    NUMBER
   2400      -6.2249E+05     4.6267E-02     4.5756E+00     CD       9444

 BOND    =    43381.3133  ANGLE   =     3837.2192  DIHED      =    19636.3257
 VDWAALS =    91731.8014  EEL     =  -843240.0461  HBOND      =        0.0000
 1-4 VDW =     5826.2142  1-4 EEL =    55496.5545  RESTRAINT  =      836.8720
 EAMBER  =  -623330.6177


   NSTEP       ENERGY          RMS            GMAX         NAME    NUMBER
   2500      -6.2252E+05     4.5144E-02     3.4066E+00     CD       9444

 BOND    =    43380.9436  ANGLE   =     3837.6992  DIHED      =    19637.3178
 VDWAALS =    91729.8046  EEL     =  -843263.7622  HBOND      =        0.0000
 1-4 VDW =     5826.0573  1-4 EEL =    55497.0672  RESTRAINT  =      838.8220
 EAMBER  =  -623354.8724


  Maximum number of minimization cycles reached.


                    FINAL RESULTS



   NSTEP       ENERGY          RMS            GMAX         NAME    NUMBER
   2500      -6.2252E+05     4.5144E-02     3.4066E+00     CD       9444

 BOND    =    43380.9436  ANGLE   =     3837.6992  DIHED      =    19637.3178
 VDWAALS =    91729.8046  EEL     =  -843263.7622  HBOND      =        0.0000
 1-4 VDW =     5826.0573  1-4 EEL =    55497.0672  RESTRAINT  =      838.8220
 EAMBER  =  -623354.8724
--------------------------------------------------------------------------------
   5.  TIMINGS
--------------------------------------------------------------------------------

|  NonSetup CPU Time in Major Routines, Average for All Tasks:
|
|     Routine           Sec        %
|     ------------------------------
|     DataDistrib      28.03    6.54
|     Nonbond         388.03   90.48
|     Bond              1.53    0.36
|     Angle             1.81    0.42
|     Dihedral          7.85    1.83
|     Shake             0.00    0.00
|     Other             1.62    0.38
|     ------------------------------
|     Total           428.88

|  PME Nonbond Pairlist CPU Time, Average for All Tasks:
|
|     Routine              Sec        %
|     ---------------------------------
|     Set Up Cit           0.43    0.10
|     Build List          12.37    2.88
|     ---------------------------------
|     Total               12.80    2.98

|  PME Direct Force CPU Time, Average for All Tasks:
|
|     Routine              Sec        %
|     ---------------------------------
|     NonBonded Calc     258.96   60.38
|     Exclude Masked       4.12    0.96
|     Other                5.11    1.19
|     ---------------------------------
|     Total              268.19   62.53

|  PME Reciprocal Force CPU Time, Average for All Tasks:
|
|     Routine              Sec        %
|     ---------------------------------
|     1D bspline           7.34    1.71
|     Grid Charges         7.44    1.73
|     Scalar Sum          25.28    5.89
|     Gradient Sum        10.50    2.45
|     FFT                 54.00   12.59
|     ---------------------------------
|     Total              104.56   24.38

|  PME Load Balancing CPU Time, Average for All Tasks:
|
|     Routine                 Sec        %
|     ------------------------------------
|     Atom Reassign           0.00    0.00
|     Image Reassign          0.00    0.00
|     FFT Reassign            0.00    0.00
|     ------------------------------------
|     Total                   0.00    0.00

|  Master Setup CPU time:            0.83 seconds
|  Master NonSetup CPU time:       429.04 seconds
|  Master Total CPU time:          429.88 seconds     0.12 hours

|  Master Setup wall time:           1    seconds
|  Master NonSetup wall time:      429    seconds
|  Master Total wall time:         430    seconds     0.12 hours
