nohup: ignoring input
-I: Adding /opt/amber20/dat/leap/prep to search path.
-I: Adding /opt/amber20/dat/leap/lib to search path.
-I: Adding /opt/amber20/dat/leap/parm to search path.
-I: Adding /opt/amber20/dat/leap/cmd to search path.
-s: Ignoring all leaprc startup files.
-f: Source tleap.in.

Welcome to LEaP!
Sourcing: ./tleap.in
----- Source: /opt/amber20/dat/leap/cmd/leaprc.protein.ff14SB
----- Source of /opt/amber20/dat/leap/cmd/leaprc.protein.ff14SB done
Log file: ./leap.log
Loading parameters: /opt/amber20/dat/leap/parm/parm10.dat
Reading title:
PARM99 + frcmod.ff99SB + frcmod.parmbsc0 + OL3 for RNA
Loading parameters: /opt/amber20/dat/leap/parm/frcmod.ff14SB
Reading force field modification type file (frcmod)
Reading title:
ff14SB protein backbone and sidechain parameters
Loading library: /opt/amber20/dat/leap/lib/amino12.lib
Loading library: /opt/amber20/dat/leap/lib/aminoct12.lib
Loading library: /opt/amber20/dat/leap/lib/aminont12.lib
----- Source: /opt/amber20/dat/leap/cmd/leaprc.water.tip3p
----- Source of /opt/amber20/dat/leap/cmd/leaprc.water.tip3p done
Loading library: /opt/amber20/dat/leap/lib/atomic_ions.lib
Loading library: /opt/amber20/dat/leap/lib/solvents.lib
Loading parameters: /opt/amber20/dat/leap/parm/frcmod.tip3p
Reading force field modification type file (frcmod)
Reading title:
This is the additional/replacement parameter set for TIP3P water
Loading parameters: /opt/amber20/dat/leap/parm/frcmod.ions1lm_126_tip3p
Reading force field modification type file (frcmod)
Reading title:
Li/Merz ion parameters of monovalent ions for TIP3P water model (12-6 normal usage set)
Loading parameters: /opt/amber20/dat/leap/parm/frcmod.ionsjc_tip3p
Reading force field modification type file (frcmod)
Reading title:
Monovalent ion parameters for Ewald and TIP3P water from Joung & Cheatham JPCB (2008)
Loading parameters: /opt/amber20/dat/leap/parm/frcmod.ions234lm_126_tip3p
Reading force field modification type file (frcmod)
Reading title:
Li/Merz ion parameters of divalent to tetravalent ions for TIP3P water model (12-6 normal usage set)
----- Source: /opt/amber20/dat/leap/cmd/leaprc.RNA.OL3
----- Source of /opt/amber20/dat/leap/cmd/leaprc.RNA.OL3 done
Log file: ./leap.log

/opt/amber20/bin/teLeap: Note.
Skipping parm10.dat: already loaded
Loading library: /opt/amber20/dat/leap/lib/RNA.lib
Loading PDB file: ./6ifo_fixed_deletedP.pdb
  total atoms in file: 14047
  Leap added 13234 missing atoms according to residue templates:
       13234 H / lone pairs
Scaling up box by a factor of 1.350798 to meet diagonal cut criterion
  Solute vdw bounding box:              119.676 81.066 114.028
  Total bounding box for atom centers:  152.095 152.095 152.095
      (box expansion for 'iso' is  39.2%)
  Solvent unit box:                     18.774 18.774 18.774
  Volume: 1794131.532 A^3 (oct)
  Total mass 987678.792 amu,  Density 0.914 g/cc
  Added 43675 residues.
87 Na+ ions required to neutralize.
Adding 87 counter ions to "6ifo" using 1A grid
Grid extends from solute vdw + 1.37  to  7.47
Resolution:      1.00 Angstrom.
Calculating grid charges
Placed Na+ in 6ifo at (-20.50, 32.39, -24.98).
Placed Na+ in 6ifo at (-30.50, 49.39, -20.98).
Placed Na+ in 6ifo at (12.50, 5.39, -5.98).
Placed Na+ in 6ifo at (-15.50, 21.39, -10.98).
Placed Na+ in 6ifo at (-22.50, 25.39, -17.98).
Placed Na+ in 6ifo at (32.50, 7.39, -17.98).
Placed Na+ in 6ifo at (-15.50, 20.39, -5.98).
Placed Na+ in 6ifo at (-1.50, 9.39, -24.98).
Placed Na+ in 6ifo at (-16.50, 14.39, -18.98).
Placed Na+ in 6ifo at (27.50, 9.39, -8.98).
Placed Na+ in 6ifo at (-27.50, 44.39, -24.98).
Placed Na+ in 6ifo at (33.50, -2.61, -5.98).
Placed Na+ in 6ifo at (1.50, 31.39, -16.98).
Placed Na+ in 6ifo at (8.50, 30.39, 4.02).
Placed Na+ in 6ifo at (-18.50, 8.39, -3.98).
Placed Na+ in 6ifo at (-29.50, 24.39, -25.98).
Placed Na+ in 6ifo at (-0.50, 27.39, -5.98).
Placed Na+ in 6ifo at (-13.50, -9.61, -6.98).
Placed Na+ in 6ifo at (-5.50, 23.39, -37.98).
Placed Na+ in 6ifo at (57.50, 6.39, 15.02).
Placed Na+ in 6ifo at (26.50, 28.39, -23.98).
Placed Na+ in 6ifo at (13.50, 6.39, -36.98).
Placed Na+ in 6ifo at (-27.50, 33.39, -23.98).
Placed Na+ in 6ifo at (-6.50, 31.39, 6.02).
Placed Na+ in 6ifo at (33.50, 13.39, 25.02).
Placed Na+ in 6ifo at (37.50, 0.39, -22.98).
Placed Na+ in 6ifo at (-31.50, 38.39, -8.98).
Placed Na+ in 6ifo at (32.50, 17.39, -4.98).
Placed Na+ in 6ifo at (-17.50, 15.39, -3.98).
Placed Na+ in 6ifo at (11.50, 32.39, 23.02).
Placed Na+ in 6ifo at (-2.50, -39.61, -16.98).
Placed Na+ in 6ifo at (-19.50, 19.39, -13.98).
Placed Na+ in 6ifo at (30.50, 2.39, -0.98).
Placed Na+ in 6ifo at (2.50, -7.61, 46.02).
Placed Na+ in 6ifo at (-14.50, 31.39, 15.02).
Placed Na+ in 6ifo at (-5.50, 8.39, -39.98).
Placed Na+ in 6ifo at (-31.50, 58.39, -16.98).
Placed Na+ in 6ifo at (-28.50, 7.39, 10.02).
Placed Na+ in 6ifo at (35.50, -8.61, -6.98).
Placed Na+ in 6ifo at (-14.50, -4.61, 8.02).
Placed Na+ in 6ifo at (-44.50, 21.39, 4.02).
Placed Na+ in 6ifo at (49.50, 13.39, 26.02).
Placed Na+ in 6ifo at (-11.50, 33.39, -34.98).
Placed Na+ in 6ifo at (-39.50, 35.39, -11.98).
Placed Na+ in 6ifo at (-1.50, 30.39, 1.02).
Placed Na+ in 6ifo at (33.50, -14.61, 26.02).
Placed Na+ in 6ifo at (17.50, 19.39, 37.02).
Placed Na+ in 6ifo at (-22.50, -5.61, -40.98).
Placed Na+ in 6ifo at (8.50, 18.39, -29.98).
Placed Na+ in 6ifo at (-6.50, -27.61, -25.98).
Placed Na+ in 6ifo at (-20.50, -26.61, 20.02).
Placed Na+ in 6ifo at (17.50, -34.61, 6.02).
Placed Na+ in 6ifo at (-35.50, -20.61, 2.02).
Placed Na+ in 6ifo at (38.50, -14.61, 11.02).
Placed Na+ in 6ifo at (-6.50, 17.39, -30.98).
Placed Na+ in 6ifo at (-8.50, -38.61, -7.98).
Placed Na+ in 6ifo at (-35.50, 26.39, -16.98).
Placed Na+ in 6ifo at (32.50, 10.39, -9.98).
Placed Na+ in 6ifo at (59.50, -0.61, 14.02).
Placed Na+ in 6ifo at (3.50, -19.61, 39.02).
Placed Na+ in 6ifo at (-9.50, 16.39, -9.98).
Placed Na+ in 6ifo at (0.50, 3.39, -35.98).
Placed Na+ in 6ifo at (0.50, 4.39, 6.02).
Placed Na+ in 6ifo at (33.50, 35.39, -10.98).
Placed Na+ in 6ifo at (-25.50, 25.39, -42.98).
Placed Na+ in 6ifo at (-49.50, 20.39, -1.98).
Placed Na+ in 6ifo at (41.50, -26.61, -1.98).
Placed Na+ in 6ifo at (-14.50, 33.39, -24.98).
Placed Na+ in 6ifo at (24.50, 6.39, 1.02).
Placed Na+ in 6ifo at (-8.50, -19.61, -32.98).
Placed Na+ in 6ifo at (-15.50, -46.61, -12.98).
Placed Na+ in 6ifo at (39.50, -2.61, 19.02).
Placed Na+ in 6ifo at (-36.50, 56.39, -18.98).
Placed Na+ in 6ifo at (4.50, 43.39, 13.02).
Placed Na+ in 6ifo at (-19.50, -23.61, -8.98).
Placed Na+ in 6ifo at (23.50, -7.61, -11.98).
Placed Na+ in 6ifo at (-1.50, -10.61, 42.02).
Placed Na+ in 6ifo at (-47.50, 14.39, -12.98).
Placed Na+ in 6ifo at (2.50, 16.39, -2.98).
Placed Na+ in 6ifo at (-27.50, -32.61, -4.98).
Placed Na+ in 6ifo at (1.50, 5.39, 24.02).
Placed Na+ in 6ifo at (0.50, -13.61, -13.98).
Placed Na+ in 6ifo at (-13.50, 25.39, -13.98).
Placed Na+ in 6ifo at (-27.50, -16.61, 39.02).
Placed Na+ in 6ifo at (37.50, 27.39, -5.98).
Placed Na+ in 6ifo at (-17.50, -50.61, 10.02).
Placed Na+ in 6ifo at (-23.50, -7.61, -17.98).

Done adding ions.

/opt/amber20/bin/teLeap: Warning!
addIons: 1st Ion & target unit have charges of the same sign:
     unit charge = -9.23706e-13; ion1 charge = -1;
     can't neutralize.
Checking Unit.
Building topology.
Building atom parameters.
Building bond parameters.
Building angle parameters.
Building proper torsion parameters.
Building improper torsion parameters.
 total 5364 improper torsions applied
Building H-Bond parameters.
Incorporating Non-Bonded adjustments.
Not Marking per-residue atom chain types.
Marking per-residue atom chain types.
  (Residues lacking connect0/connect1 - 
   these don't have chain types marked:

	res	total affected

	CASP	1
	CLYS	1
	NSER	1
	NTHR	1
	WAT	43675
  )
 (no restraints)
	Quit

Exiting LEaP: Errors = 0; Warnings = 1; Notes = 1.
